#
# There is insufficient memory for the Java Runtime Environment to continue.
# Native memory allocation (mmap) failed to map 20971520 bytes. Error detail: G1 virtual space
# Possible reasons:
#   The system is out of physical RAM or swap space
#   This process is running with CompressedOops enabled, and the Java Heap may be blocking the growth of the native heap
# Possible solutions:
#   Reduce memory load on the system
#   Increase physical memory or swap space
#   Check if swap backing store is full
#   Decrease Java heap size (-Xmx/-Xms)
#   Decrease number of Java threads
#   Decrease Java thread stack sizes (-Xss)
#   Set larger code cache with -XX:ReservedCodeCacheSize=
#   JVM is running with Zero Based Compressed Oops mode in which the Java heap is
#     placed in the first 32GB address space. The Java Heap base address is the
#     maximum limit for the native heap growth. Please use -XX:HeapBaseMinAddress
#     to set the Java Heap base and to place the Java Heap above 32GB virtual address.
# This output file may be truncated or incomplete.
#
#  Out of Memory Error (os_windows.cpp:3686), pid=10916, tid=55000
#
# JRE version: OpenJDK Runtime Environment Temurin-21.0.6+7 (21.0.6+7) (build 21.0.6+7-LTS)
# Java VM: OpenJDK 64-Bit Server VM Temurin-21.0.6+7 (21.0.6+7-LTS, mixed mode, sharing, tiered, compressed oops, compressed class ptrs, g1 gc, windows-amd64)
# No core dump will be written. Minidumps are not enabled by default on client versions of Windows
#

---------------  S U M M A R Y ------------

Command Line: --add-opens=java.base/java.util=ALL-UNNAMED --add-opens=java.base/java.lang=ALL-UNNAMED --add-opens=java.base/java.lang.invoke=ALL-UNNAMED --add-opens=java.prefs/java.util.prefs=ALL-UNNAMED --add-exports=jdk.compiler/com.sun.tools.javac.api=ALL-UNNAMED --add-exports=jdk.compiler/com.sun.tools.javac.util=ALL-UNNAMED --add-opens=java.base/java.nio.charset=ALL-UNNAMED --add-opens=java.base/java.net=ALL-UNNAMED --add-opens=java.base/java.util.concurrent.atomic=ALL-UNNAMED -Xmx4g -Dfile.encoding=utf8 -Duser.country=BR -Duser.language=pt -Duser.variant -javaagent:C:\Users\rodri\.gradle\wrapper\dists\gradle-8.10.2-all\7iv73wktx1xtkvlq19urqw1wm\gradle-8.10.2\lib\agents\gradle-instrumentation-agent-8.10.2.jar org.gradle.launcher.daemon.bootstrap.GradleDaemon 8.10.2

Host: 13th Gen Intel(R) Core(TM) i5-13420H, 12 cores, 7G,  Windows 11 , 64 bit Build 26100 (10.0.26100.4202)
Time: Sun Jun  8 21:39:01 2025 Horário Padrão de Tocantins elapsed time: 35.710298 seconds (0d 0h 0m 35s)

---------------  T H R E A D  ---------------

Current thread (0x0000017ab48e9990):  VMThread "VM Thread"          [id=55000, stack(0x00000040edd00000,0x00000040ede00000) (1024K)]

Stack: [0x00000040edd00000,0x00000040ede00000]
Native frames: (J=compiled Java code, j=interpreted, Vv=VM code, C=native code)
V  [jvm.dll+0x6cdee9]
V  [jvm.dll+0x8a83d1]
V  [jvm.dll+0x8aa8fe]
V  [jvm.dll+0x8aafe3]
V  [jvm.dll+0x27f706]
V  [jvm.dll+0x6ca755]
V  [jvm.dll+0x6bea3a]
V  [jvm.dll+0x355d6a]
V  [jvm.dll+0x35d936]
V  [jvm.dll+0x3af58e]
V  [jvm.dll+0x3af838]
V  [jvm.dll+0x329efc]
V  [jvm.dll+0x32c756]
V  [jvm.dll+0x336948]
V  [jvm.dll+0x36be6f]
V  [jvm.dll+0x8b0cff]
V  [jvm.dll+0x8b2084]
V  [jvm.dll+0x8b25c0]
V  [jvm.dll+0x8b2863]
V  [jvm.dll+0x851f8b]
V  [jvm.dll+0x6cc5ed]
C  [ucrtbase.dll+0x37b0]
C  [KERNEL32.DLL+0x2e8d7]
C  [ntdll.dll+0x3c34c]

VM_Operation (0x00000040ed8ff880): G1PauseRemark, mode: safepoint, requested by thread 0x0000017a947bac10


---------------  P R O C E S S  ---------------

Threads class SMR info:
_java_thread_list=0x0000017afe7ce100, length=159, elements={
0x0000017a947406b0, 0x0000017ab49019c0, 0x0000017ab4902410, 0x0000017ab4909680,
0x0000017ab490c490, 0x0000017ab490cee0, 0x0000017ab490da60, 0x0000017ab491c290,
0x0000017ab491e8b0, 0x0000017ab48dc240, 0x0000017ab4bee380, 0x0000017afb5c41e0,
0x0000017afb955540, 0x0000017afba2aaf0, 0x0000017afb82b320, 0x0000017afb82b980,
0x0000017afb99bfe0, 0x0000017afb9a58c0, 0x0000017afb9bcd60, 0x0000017afb9a9f60,
0x0000017afb9aa5f0, 0x0000017afb9aac80, 0x0000017afb9ab310, 0x0000017afb9ab9a0,
0x0000017afb9ac030, 0x0000017afb9a8bb0, 0x0000017afb9a9240, 0x0000017afb9a98d0,
0x0000017afc2996a0, 0x0000017afc299d30, 0x0000017afc29b770, 0x0000017afc29a3c0,
0x0000017afc29be00, 0x0000017afc29aa50, 0x0000017afc299010, 0x0000017afc29c490,
0x0000017afc29cb20, 0x0000017afc29d1b0, 0x0000017afc29ded0, 0x0000017afc29b0e0,
0x0000017afc29f910, 0x0000017afc29ebf0, 0x0000017afc29ffa0, 0x0000017afc2a0630,
0x0000017afdffa5e0, 0x0000017afdff8510, 0x0000017afdff98c0, 0x0000017afdff9230,
0x0000017afdff9f50, 0x0000017afdffac70, 0x0000017afdffb300, 0x0000017afdff8ba0,
0x0000017afdff7e80, 0x0000017afdffb990, 0x0000017afdffee10, 0x0000017afdffe0f0,
0x0000017afdffe780, 0x0000017afdfff4a0, 0x0000017afdffc6b0, 0x0000017afdffc020,
0x0000017afdffcd40, 0x0000017afdffd3d0, 0x0000017afdffda60, 0x0000017afd02e4d0,
0x0000017afd02de40, 0x0000017afd02bd70, 0x0000017afd02b050, 0x0000017afd02d7b0,
0x0000017afd02eb60, 0x0000017afd02d120, 0x0000017afd02b6e0, 0x0000017afd02f1f0,
0x0000017afd02f880, 0x0000017afd02c400, 0x0000017afd02ff10, 0x0000017afd02ca90,
0x0000017afd0312c0, 0x0000017afd0305a0, 0x0000017afd031950, 0x0000017afd032670,
0x0000017aff387110, 0x0000017aff386a80, 0x0000017aff385040, 0x0000017aff388b50,
0x0000017aff3856d0, 0x0000017aff387e30, 0x0000017aff3891e0, 0x0000017aff385d60,
0x0000017aff3884c0, 0x0000017aff389870, 0x0000017aff3863f0, 0x0000017aff389f00,
0x0000017aff3877a0, 0x0000017aff38a590, 0x0000017aff38b2b0, 0x0000017aff38ac20,
0x0000017aff38b940, 0x0000017aff38bfd0, 0x0000017aff38c660, 0x0000017afecf5b10,
0x0000017afecf7be0, 0x0000017afecf6ec0, 0x0000017afecf4760, 0x0000017afecf6830,
0x0000017afecf5480, 0x0000017afecf8270, 0x0000017afecf7550, 0x0000017afecf4df0,
0x0000017afecf8900, 0x0000017afecf8f90, 0x0000017afecf9620, 0x0000017afecf61a0,
0x0000017afecfa340, 0x0000017afecfbd80, 0x0000017afecfa9d0, 0x0000017afecf9cb0,
0x0000017afecfb060, 0x0000017afecfb6f0, 0x0000017a8057ca50, 0x0000017a80579c60,
0x0000017a8057a980, 0x0000017a8057bd30, 0x0000017a8057c3c0, 0x0000017a8057b6a0,
0x0000017a8057d770, 0x0000017a8057a2f0, 0x0000017a8057de00, 0x0000017a8057e490,
0x0000017a8057b010, 0x0000017a8057eb20, 0x0000017a80580560, 0x0000017a8057f1b0,
0x0000017a80581280, 0x0000017a8057fed0, 0x0000017a8057f840, 0x0000017a80580bf0,
0x0000017afa808750, 0x0000017afa80a190, 0x0000017afa8080c0, 0x0000017afa809470,
0x0000017afa808de0, 0x0000017afa809b00, 0x0000017afa80bbd0, 0x0000017afa80dca0,
0x0000017afa80b540, 0x0000017afa80a820, 0x0000017afa80c8f0, 0x0000017afa80e330,
0x0000017afa80d610, 0x0000017afa80aeb0, 0x0000017afa80cf80, 0x0000017afa80e9c0,
0x0000017afa80f050, 0x0000017afa80f6e0, 0x0000017a80e92f80, 0x0000017a80e928f0,
0x0000017a80e93610, 0x0000017a80e93ca0, 0x0000017a80e95050
}

Java Threads: ( => current thread )
  0x0000017a947406b0 JavaThread "main"                              [_thread_blocked, id=49316, stack(0x00000040ed600000,0x00000040ed700000) (1024K)]
  0x0000017ab49019c0 JavaThread "Reference Handler"          daemon [_thread_blocked, id=13716, stack(0x00000040ede00000,0x00000040edf00000) (1024K)]
  0x0000017ab4902410 JavaThread "Finalizer"                  daemon [_thread_blocked, id=53840, stack(0x00000040edf00000,0x00000040ee000000) (1024K)]
  0x0000017ab4909680 JavaThread "Signal Dispatcher"          daemon [_thread_blocked, id=47560, stack(0x00000040ee000000,0x00000040ee100000) (1024K)]
  0x0000017ab490c490 JavaThread "Attach Listener"            daemon [_thread_blocked, id=12872, stack(0x00000040ee100000,0x00000040ee200000) (1024K)]
  0x0000017ab490cee0 JavaThread "Service Thread"             daemon [_thread_blocked, id=55184, stack(0x00000040ee200000,0x00000040ee300000) (1024K)]
  0x0000017ab490da60 JavaThread "Monitor Deflation Thread"   daemon [_thread_blocked, id=43728, stack(0x00000040ee300000,0x00000040ee400000) (1024K)]
  0x0000017ab491c290 JavaThread "C2 CompilerThread0"         daemon [_thread_blocked, id=34480, stack(0x00000040ee400000,0x00000040ee500000) (1024K)]
  0x0000017ab491e8b0 JavaThread "C1 CompilerThread0"         daemon [_thread_blocked, id=45664, stack(0x00000040ee500000,0x00000040ee600000) (1024K)]
  0x0000017ab48dc240 JavaThread "Common-Cleaner"             daemon [_thread_blocked, id=6896, stack(0x00000040ee600000,0x00000040ee700000) (1024K)]
  0x0000017ab4bee380 JavaThread "Notification Thread"        daemon [_thread_blocked, id=29092, stack(0x00000040ee700000,0x00000040ee800000) (1024K)]
  0x0000017afb5c41e0 JavaThread "Daemon health stats"               [_thread_blocked, id=3460, stack(0x00000040eeb00000,0x00000040eec00000) (1024K)]
  0x0000017afb955540 JavaThread "Incoming local TCP Connector on port 60946"        [_thread_in_native, id=21320, stack(0x00000040ef100000,0x00000040ef200000) (1024K)]
  0x0000017afba2aaf0 JavaThread "Daemon periodic checks"            [_thread_blocked, id=39692, stack(0x00000040ef200000,0x00000040ef300000) (1024K)]
  0x0000017afb82b320 JavaThread "Daemon"                            [_thread_blocked, id=24920, stack(0x00000040ef300000,0x00000040ef400000) (1024K)]
  0x0000017afb82b980 JavaThread "Handler for socket connection from /127.0.0.1:60946 to /127.0.0.1:60947"        [_thread_in_native, id=24704, stack(0x00000040ef400000,0x00000040ef500000) (1024K)]
  0x0000017afb99bfe0 JavaThread "Cancel handler"                    [_thread_blocked, id=46896, stack(0x00000040ef500000,0x00000040ef600000) (1024K)]
  0x0000017afb9a58c0 JavaThread "Daemon worker"                     [_thread_blocked, id=30352, stack(0x00000040ef600000,0x00000040ef700000) (1024K)]
  0x0000017afb9bcd60 JavaThread "Asynchronous log dispatcher for DefaultDaemonConnection: socket connection from /127.0.0.1:60946 to /127.0.0.1:60947"        [_thread_blocked, id=11752, stack(0x00000040ef700000,0x00000040ef800000) (1024K)]
  0x0000017afb9a9f60 JavaThread "Stdin handler"                     [_thread_blocked, id=49296, stack(0x00000040ef800000,0x00000040ef900000) (1024K)]
  0x0000017afb9aa5f0 JavaThread "Daemon client event forwarder"        [_thread_blocked, id=9736, stack(0x00000040ef900000,0x00000040efa00000) (1024K)]
  0x0000017afb9aac80 JavaThread "Cache worker for journal cache (C:\Users\rodri\.gradle\caches\journal-1)"        [_thread_blocked, id=46036, stack(0x00000040efa00000,0x00000040efb00000) (1024K)]
  0x0000017afb9ab310 JavaThread "File lock request listener"        [_thread_in_native, id=15752, stack(0x00000040efb00000,0x00000040efc00000) (1024K)]
  0x0000017afb9ab9a0 JavaThread "Cache worker for file hash cache (C:\Users\rodri\.gradle\caches\8.10.2\fileHashes)"        [_thread_blocked, id=23380, stack(0x00000040efc00000,0x00000040efd00000) (1024K)]
  0x0000017afb9ac030 JavaThread "Cache worker for file hash cache (C:\Users\rodri\OneDrive\Desktop\teste\rewalker\android\.gradle\8.10.2\fileHashes)"        [_thread_blocked, id=52480, stack(0x00000040f0000000,0x00000040f0100000) (1024K)]
  0x0000017afb9a8bb0 JavaThread "Cache worker for Build Output Cleanup Cache (C:\Users\rodri\OneDrive\Desktop\teste\rewalker\android\.gradle\buildOutputCleanup)"        [_thread_blocked, id=46768, stack(0x00000040f0100000,0x00000040f0200000) (1024K)]
  0x0000017afb9a9240 JavaThread "File watcher server"        daemon [_thread_in_native, id=48696, stack(0x00000040f0200000,0x00000040f0300000) (1024K)]
  0x0000017afb9a98d0 JavaThread "File watcher consumer"      daemon [_thread_blocked, id=48476, stack(0x00000040f0300000,0x00000040f0400000) (1024K)]
  0x0000017afc2996a0 JavaThread "jar transforms"                    [_thread_blocked, id=29484, stack(0x00000040f0400000,0x00000040f0500000) (1024K)]
  0x0000017afc299d30 JavaThread "jar transforms Thread 2"           [_thread_blocked, id=46708, stack(0x00000040f0500000,0x00000040f0600000) (1024K)]
  0x0000017afc29b770 JavaThread "jar transforms Thread 3"           [_thread_blocked, id=54132, stack(0x00000040f0600000,0x00000040f0700000) (1024K)]
  0x0000017afc29a3c0 JavaThread "File lock release action executor"        [_thread_blocked, id=53668, stack(0x00000040f0700000,0x00000040f0800000) (1024K)]
  0x0000017afc29be00 JavaThread "Cache worker for checksums cache (C:\Users\rodri\OneDrive\Desktop\teste\rewalker\android\.gradle\8.10.2\checksums)"        [_thread_blocked, id=1560, stack(0x00000040f0800000,0x00000040f0900000) (1024K)]
  0x0000017afc29aa50 JavaThread "Cache worker for file content cache (C:\Users\rodri\.gradle\caches\8.10.2\fileContent)"        [_thread_blocked, id=47624, stack(0x00000040f0900000,0x00000040f0a00000) (1024K)]
  0x0000017afc299010 JavaThread "Cache worker for cache directory md-rule (C:\Users\rodri\.gradle\caches\8.10.2\md-rule)"        [_thread_blocked, id=4488, stack(0x00000040f0a00000,0x00000040f0b00000) (1024K)]
  0x0000017afc29c490 JavaThread "Cache worker for cache directory md-supplier (C:\Users\rodri\.gradle\caches\8.10.2\md-supplier)"        [_thread_blocked, id=54088, stack(0x00000040f0b00000,0x00000040f0c00000) (1024K)]
  0x0000017afc29cb20 JavaThread "jar transforms Thread 4"           [_thread_blocked, id=48792, stack(0x00000040f0c00000,0x00000040f0d00000) (1024K)]
  0x0000017afc29d1b0 JavaThread "jar transforms Thread 5"           [_thread_blocked, id=52008, stack(0x00000040f0d00000,0x00000040f0e00000) (1024K)]
  0x0000017afc29ded0 JavaThread "jar transforms Thread 6"           [_thread_blocked, id=42980, stack(0x00000040f1000000,0x00000040f1100000) (1024K)]
  0x0000017afc29b0e0 JavaThread "jar transforms Thread 7"           [_thread_blocked, id=51652, stack(0x00000040f1100000,0x00000040f1200000) (1024K)]
  0x0000017afc29f910 JavaThread "jar transforms Thread 8"           [_thread_blocked, id=53392, stack(0x00000040f0e00000,0x00000040f0f00000) (1024K)]
  0x0000017afc29ebf0 JavaThread "jar transforms Thread 9"           [_thread_blocked, id=39464, stack(0x00000040f0f00000,0x00000040f1000000) (1024K)]
  0x0000017afc29ffa0 JavaThread "Cache worker for Build Output Cleanup Cache (C:\src\flutter\packages\flutter_tools\gradle\.gradle\buildOutputCleanup)"        [_thread_blocked, id=49788, stack(0x00000040f1300000,0x00000040f1400000) (1024K)]
  0x0000017afc2a0630 JavaThread "Unconstrained build operations"        [_thread_blocked, id=53928, stack(0x00000040f1500000,0x00000040f1600000) (1024K)]
  0x0000017afdffa5e0 JavaThread "Unconstrained build operations Thread 2"        [_thread_blocked, id=50480, stack(0x00000040f1600000,0x00000040f1700000) (1024K)]
  0x0000017afdff8510 JavaThread "Unconstrained build operations Thread 3"        [_thread_blocked, id=3660, stack(0x00000040f1700000,0x00000040f1800000) (1024K)]
  0x0000017afdff98c0 JavaThread "Unconstrained build operations Thread 4"        [_thread_blocked, id=18584, stack(0x00000040f1800000,0x00000040f1900000) (1024K)]
  0x0000017afdff9230 JavaThread "Unconstrained build operations Thread 5"        [_thread_blocked, id=53420, stack(0x00000040f1900000,0x00000040f1a00000) (1024K)]
  0x0000017afdff9f50 JavaThread "Unconstrained build operations Thread 6"        [_thread_blocked, id=54260, stack(0x00000040f1a00000,0x00000040f1b00000) (1024K)]
  0x0000017afdffac70 JavaThread "Unconstrained build operations Thread 7"        [_thread_blocked, id=51964, stack(0x00000040f1b00000,0x00000040f1c00000) (1024K)]
  0x0000017afdffb300 JavaThread "Unconstrained build operations Thread 8"        [_thread_blocked, id=25540, stack(0x00000040f1c00000,0x00000040f1d00000) (1024K)]
  0x0000017afdff8ba0 JavaThread "Unconstrained build operations Thread 9"        [_thread_blocked, id=48592, stack(0x00000040f1d00000,0x00000040f1e00000) (1024K)]
  0x0000017afdff7e80 JavaThread "Unconstrained build operations Thread 10"        [_thread_blocked, id=13948, stack(0x00000040f1e00000,0x00000040f1f00000) (1024K)]
  0x0000017afdffb990 JavaThread "Unconstrained build operations Thread 11"        [_thread_blocked, id=48156, stack(0x00000040f1f00000,0x00000040f2000000) (1024K)]
  0x0000017afdffee10 JavaThread "Unconstrained build operations Thread 12"        [_thread_blocked, id=49568, stack(0x00000040f2000000,0x00000040f2100000) (1024K)]
  0x0000017afdffe0f0 JavaThread "Unconstrained build operations Thread 13"        [_thread_blocked, id=53512, stack(0x00000040f2100000,0x00000040f2200000) (1024K)]
  0x0000017afdffe780 JavaThread "Unconstrained build operations Thread 14"        [_thread_blocked, id=28252, stack(0x00000040f2200000,0x00000040f2300000) (1024K)]
  0x0000017afdfff4a0 JavaThread "Unconstrained build operations Thread 15"        [_thread_blocked, id=45308, stack(0x00000040f2300000,0x00000040f2400000) (1024K)]
  0x0000017afdffc6b0 JavaThread "Unconstrained build operations Thread 16"        [_thread_blocked, id=27120, stack(0x00000040f2400000,0x00000040f2500000) (1024K)]
  0x0000017afdffc020 JavaThread "Unconstrained build operations Thread 17"        [_thread_blocked, id=54032, stack(0x00000040f2500000,0x00000040f2600000) (1024K)]
  0x0000017afdffcd40 JavaThread "Unconstrained build operations Thread 18"        [_thread_blocked, id=48756, stack(0x00000040f2600000,0x00000040f2700000) (1024K)]
  0x0000017afdffd3d0 JavaThread "Unconstrained build operations Thread 19"        [_thread_blocked, id=13240, stack(0x00000040f2700000,0x00000040f2800000) (1024K)]
  0x0000017afdffda60 JavaThread "Unconstrained build operations Thread 20"        [_thread_blocked, id=37300, stack(0x00000040f2800000,0x00000040f2900000) (1024K)]
  0x0000017afd02e4d0 JavaThread "Unconstrained build operations Thread 21"        [_thread_blocked, id=28736, stack(0x00000040f2900000,0x00000040f2a00000) (1024K)]
  0x0000017afd02de40 JavaThread "Unconstrained build operations Thread 22"        [_thread_blocked, id=52864, stack(0x00000040f2a00000,0x00000040f2b00000) (1024K)]
  0x0000017afd02bd70 JavaThread "Unconstrained build operations Thread 23"        [_thread_blocked, id=39020, stack(0x00000040f2b00000,0x00000040f2c00000) (1024K)]
  0x0000017afd02b050 JavaThread "Unconstrained build operations Thread 24"        [_thread_blocked, id=48068, stack(0x00000040f2c00000,0x00000040f2d00000) (1024K)]
  0x0000017afd02d7b0 JavaThread "Unconstrained build operations Thread 25"        [_thread_blocked, id=44396, stack(0x00000040f2d00000,0x00000040f2e00000) (1024K)]
  0x0000017afd02eb60 JavaThread "Unconstrained build operations Thread 26"        [_thread_blocked, id=42232, stack(0x00000040f2e00000,0x00000040f2f00000) (1024K)]
  0x0000017afd02d120 JavaThread "Unconstrained build operations Thread 27"        [_thread_blocked, id=48180, stack(0x00000040f2f00000,0x00000040f3000000) (1024K)]
  0x0000017afd02b6e0 JavaThread "Unconstrained build operations Thread 28"        [_thread_blocked, id=37316, stack(0x00000040f3000000,0x00000040f3100000) (1024K)]
  0x0000017afd02f1f0 JavaThread "Unconstrained build operations Thread 29"        [_thread_blocked, id=36076, stack(0x00000040f3100000,0x00000040f3200000) (1024K)]
  0x0000017afd02f880 JavaThread "Unconstrained build operations Thread 30"        [_thread_blocked, id=42972, stack(0x00000040f3200000,0x00000040f3300000) (1024K)]
  0x0000017afd02c400 JavaThread "Unconstrained build operations Thread 31"        [_thread_blocked, id=52828, stack(0x00000040f3300000,0x00000040f3400000) (1024K)]
  0x0000017afd02ff10 JavaThread "Unconstrained build operations Thread 32"        [_thread_blocked, id=20752, stack(0x00000040f3400000,0x00000040f3500000) (1024K)]
  0x0000017afd02ca90 JavaThread "Unconstrained build operations Thread 33"        [_thread_blocked, id=38508, stack(0x00000040f3500000,0x00000040f3600000) (1024K)]
  0x0000017afd0312c0 JavaThread "Memory manager"                    [_thread_blocked, id=52840, stack(0x00000040f3600000,0x00000040f3700000) (1024K)]
  0x0000017afd0305a0 JavaThread "build event listener"              [_thread_blocked, id=36980, stack(0x00000040f3700000,0x00000040f3800000) (1024K)]
  0x0000017afd031950 JavaThread "included builds"                   [_thread_blocked, id=19156, stack(0x00000040f1400000,0x00000040f1500000) (1024K)]
  0x0000017afd032670 JavaThread "Execution worker"                  [_thread_blocked, id=44836, stack(0x00000040f3800000,0x00000040f3900000) (1024K)]
  0x0000017aff387110 JavaThread "Execution worker Thread 2"         [_thread_blocked, id=49836, stack(0x00000040f3900000,0x00000040f3a00000) (1024K)]
  0x0000017aff386a80 JavaThread "Execution worker Thread 3"         [_thread_blocked, id=8488, stack(0x00000040f3a00000,0x00000040f3b00000) (1024K)]
  0x0000017aff385040 JavaThread "Execution worker Thread 4"         [_thread_blocked, id=48680, stack(0x00000040f3b00000,0x00000040f3c00000) (1024K)]
  0x0000017aff388b50 JavaThread "Execution worker Thread 5"         [_thread_blocked, id=23228, stack(0x00000040f3c00000,0x00000040f3d00000) (1024K)]
  0x0000017aff3856d0 JavaThread "Execution worker Thread 6"         [_thread_blocked, id=46748, stack(0x00000040f3d00000,0x00000040f3e00000) (1024K)]
  0x0000017aff387e30 JavaThread "Execution worker Thread 7"         [_thread_blocked, id=48060, stack(0x00000040f3e00000,0x00000040f3f00000) (1024K)]
  0x0000017aff3891e0 JavaThread "Execution worker Thread 8"         [_thread_blocked, id=47928, stack(0x00000040f3f00000,0x00000040f4000000) (1024K)]
  0x0000017aff385d60 JavaThread "Execution worker Thread 9"         [_thread_blocked, id=16704, stack(0x00000040f4000000,0x00000040f4100000) (1024K)]
  0x0000017aff3884c0 JavaThread "Execution worker Thread 10"        [_thread_blocked, id=47708, stack(0x00000040f4100000,0x00000040f4200000) (1024K)]
  0x0000017aff389870 JavaThread "Execution worker Thread 11"        [_thread_blocked, id=49388, stack(0x00000040f4200000,0x00000040f4300000) (1024K)]
  0x0000017aff3863f0 JavaThread "Cache worker for execution history cache (C:\src\flutter\packages\flutter_tools\gradle\.gradle\8.10.2\executionHistory)"        [_thread_blocked, id=47592, stack(0x00000040f4300000,0x00000040f4400000) (1024K)]
  0x0000017aff389f00 JavaThread "Unconstrained build operations Thread 34"        [_thread_blocked, id=50468, stack(0x00000040f4400000,0x00000040f4500000) (1024K)]
  0x0000017aff3877a0 JavaThread "Unconstrained build operations Thread 35"        [_thread_blocked, id=48888, stack(0x00000040f4500000,0x00000040f4600000) (1024K)]
  0x0000017aff38a590 JavaThread "Unconstrained build operations Thread 36"        [_thread_blocked, id=45320, stack(0x00000040f4600000,0x00000040f4700000) (1024K)]
  0x0000017aff38b2b0 JavaThread "Unconstrained build operations Thread 37"        [_thread_blocked, id=1204, stack(0x00000040f4700000,0x00000040f4800000) (1024K)]
  0x0000017aff38ac20 JavaThread "Unconstrained build operations Thread 38"        [_thread_blocked, id=29008, stack(0x00000040f4800000,0x00000040f4900000) (1024K)]
  0x0000017aff38b940 JavaThread "Unconstrained build operations Thread 39"        [_thread_blocked, id=51736, stack(0x00000040f4900000,0x00000040f4a00000) (1024K)]
  0x0000017aff38bfd0 JavaThread "Unconstrained build operations Thread 40"        [_thread_blocked, id=53896, stack(0x00000040f4a00000,0x00000040f4b00000) (1024K)]
  0x0000017aff38c660 JavaThread "Unconstrained build operations Thread 41"        [_thread_blocked, id=26120, stack(0x00000040f4b00000,0x00000040f4c00000) (1024K)]
  0x0000017afecf5b10 JavaThread "Unconstrained build operations Thread 42"        [_thread_blocked, id=21768, stack(0x00000040f4c00000,0x00000040f4d00000) (1024K)]
  0x0000017afecf7be0 JavaThread "Unconstrained build operations Thread 43"        [_thread_blocked, id=54692, stack(0x00000040f4d00000,0x00000040f4e00000) (1024K)]
  0x0000017afecf6ec0 JavaThread "Unconstrained build operations Thread 44"        [_thread_blocked, id=16848, stack(0x00000040f4e00000,0x00000040f4f00000) (1024K)]
  0x0000017afecf4760 JavaThread "Unconstrained build operations Thread 45"        [_thread_blocked, id=18192, stack(0x00000040f4f00000,0x00000040f5000000) (1024K)]
  0x0000017afecf6830 JavaThread "Unconstrained build operations Thread 46"        [_thread_blocked, id=52332, stack(0x00000040f5000000,0x00000040f5100000) (1024K)]
  0x0000017afecf5480 JavaThread "Unconstrained build operations Thread 47"        [_thread_blocked, id=52416, stack(0x00000040f5100000,0x00000040f5200000) (1024K)]
  0x0000017afecf8270 JavaThread "Unconstrained build operations Thread 48"        [_thread_blocked, id=29392, stack(0x00000040f5200000,0x00000040f5300000) (1024K)]
  0x0000017afecf7550 JavaThread "Unconstrained build operations Thread 49"        [_thread_blocked, id=40912, stack(0x00000040f5300000,0x00000040f5400000) (1024K)]
  0x0000017afecf4df0 JavaThread "Unconstrained build operations Thread 50"        [_thread_blocked, id=29684, stack(0x00000040f5400000,0x00000040f5500000) (1024K)]
  0x0000017afecf8900 JavaThread "Unconstrained build operations Thread 51"        [_thread_blocked, id=50896, stack(0x00000040f5500000,0x00000040f5600000) (1024K)]
  0x0000017afecf8f90 JavaThread "Unconstrained build operations Thread 52"        [_thread_blocked, id=17604, stack(0x00000040f5600000,0x00000040f5700000) (1024K)]
  0x0000017afecf9620 JavaThread "Unconstrained build operations Thread 53"        [_thread_blocked, id=47788, stack(0x00000040f5700000,0x00000040f5800000) (1024K)]
  0x0000017afecf61a0 JavaThread "Unconstrained build operations Thread 54"        [_thread_blocked, id=53324, stack(0x00000040f5800000,0x00000040f5900000) (1024K)]
  0x0000017afecfa340 JavaThread "Unconstrained build operations Thread 55"        [_thread_blocked, id=27376, stack(0x00000040f5900000,0x00000040f5a00000) (1024K)]
  0x0000017afecfbd80 JavaThread "Unconstrained build operations Thread 56"        [_thread_blocked, id=46420, stack(0x00000040f5b00000,0x00000040f5c00000) (1024K)]
  0x0000017afecfa9d0 JavaThread "Unconstrained build operations Thread 57"        [_thread_blocked, id=47100, stack(0x00000040f5c00000,0x00000040f5d00000) (1024K)]
  0x0000017afecf9cb0 JavaThread "Unconstrained build operations Thread 58"        [_thread_blocked, id=51976, stack(0x00000040f5d00000,0x00000040f5e00000) (1024K)]
  0x0000017afecfb060 JavaThread "Unconstrained build operations Thread 59"        [_thread_blocked, id=41000, stack(0x00000040f5e00000,0x00000040f5f00000) (1024K)]
  0x0000017afecfb6f0 JavaThread "Unconstrained build operations Thread 60"        [_thread_blocked, id=10408, stack(0x00000040f5f00000,0x00000040f6000000) (1024K)]
  0x0000017a8057ca50 JavaThread "Unconstrained build operations Thread 61"        [_thread_blocked, id=52048, stack(0x00000040f6000000,0x00000040f6100000) (1024K)]
  0x0000017a80579c60 JavaThread "Unconstrained build operations Thread 62"        [_thread_blocked, id=52076, stack(0x00000040f6100000,0x00000040f6200000) (1024K)]
  0x0000017a8057a980 JavaThread "Unconstrained build operations Thread 63"        [_thread_blocked, id=46888, stack(0x00000040f6200000,0x00000040f6300000) (1024K)]
  0x0000017a8057bd30 JavaThread "Unconstrained build operations Thread 64"        [_thread_blocked, id=31620, stack(0x00000040f6300000,0x00000040f6400000) (1024K)]
  0x0000017a8057c3c0 JavaThread "Unconstrained build operations Thread 65"        [_thread_blocked, id=29972, stack(0x00000040f6400000,0x00000040f6500000) (1024K)]
  0x0000017a8057b6a0 JavaThread "Unconstrained build operations Thread 66"        [_thread_blocked, id=53892, stack(0x00000040f6500000,0x00000040f6600000) (1024K)]
  0x0000017a8057d770 JavaThread "Unconstrained build operations Thread 67"        [_thread_blocked, id=51932, stack(0x00000040f6600000,0x00000040f6700000) (1024K)]
  0x0000017a8057a2f0 JavaThread "Unconstrained build operations Thread 68"        [_thread_blocked, id=1148, stack(0x00000040f6700000,0x00000040f6800000) (1024K)]
  0x0000017a8057de00 JavaThread "Unconstrained build operations Thread 69"        [_thread_blocked, id=50560, stack(0x00000040f6800000,0x00000040f6900000) (1024K)]
  0x0000017a8057e490 JavaThread "Unconstrained build operations Thread 70"        [_thread_blocked, id=38568, stack(0x00000040f6900000,0x00000040f6a00000) (1024K)]
  0x0000017a8057b010 JavaThread "Unconstrained build operations Thread 71"        [_thread_blocked, id=17728, stack(0x00000040f6a00000,0x00000040f6b00000) (1024K)]
  0x0000017a8057eb20 JavaThread "Unconstrained build operations Thread 72"        [_thread_blocked, id=4156, stack(0x00000040f6b00000,0x00000040f6c00000) (1024K)]
  0x0000017a80580560 JavaThread "Unconstrained build operations Thread 73"        [_thread_blocked, id=54336, stack(0x00000040f6c00000,0x00000040f6d00000) (1024K)]
  0x0000017a8057f1b0 JavaThread "Unconstrained build operations Thread 74"        [_thread_blocked, id=52656, stack(0x00000040f6d00000,0x00000040f6e00000) (1024K)]
  0x0000017a80581280 JavaThread "Unconstrained build operations Thread 75"        [_thread_blocked, id=54852, stack(0x00000040f6e00000,0x00000040f6f00000) (1024K)]
  0x0000017a8057fed0 JavaThread "Unconstrained build operations Thread 76"        [_thread_blocked, id=50352, stack(0x00000040f6f00000,0x00000040f7000000) (1024K)]
  0x0000017a8057f840 JavaThread "Unconstrained build operations Thread 77"        [_thread_blocked, id=48536, stack(0x00000040f7000000,0x00000040f7100000) (1024K)]
  0x0000017a80580bf0 JavaThread "Unconstrained build operations Thread 78"        [_thread_blocked, id=35448, stack(0x00000040f7100000,0x00000040f7200000) (1024K)]
  0x0000017afa808750 JavaThread "Unconstrained build operations Thread 79"        [_thread_blocked, id=45024, stack(0x00000040f7200000,0x00000040f7300000) (1024K)]
  0x0000017afa80a190 JavaThread "Unconstrained build operations Thread 80"        [_thread_blocked, id=22284, stack(0x00000040f7300000,0x00000040f7400000) (1024K)]
  0x0000017afa8080c0 JavaThread "Unconstrained build operations Thread 81"        [_thread_blocked, id=48576, stack(0x00000040f7400000,0x00000040f7500000) (1024K)]
  0x0000017afa809470 JavaThread "Unconstrained build operations Thread 82"        [_thread_blocked, id=55196, stack(0x00000040f7500000,0x00000040f7600000) (1024K)]
  0x0000017afa808de0 JavaThread "Unconstrained build operations Thread 83"        [_thread_blocked, id=42200, stack(0x00000040f7600000,0x00000040f7700000) (1024K)]
  0x0000017afa809b00 JavaThread "Unconstrained build operations Thread 84"        [_thread_blocked, id=46368, stack(0x00000040f7700000,0x00000040f7800000) (1024K)]
  0x0000017afa80bbd0 JavaThread "Unconstrained build operations Thread 85"        [_thread_blocked, id=39116, stack(0x00000040f7800000,0x00000040f7900000) (1024K)]
  0x0000017afa80dca0 JavaThread "Unconstrained build operations Thread 86"        [_thread_blocked, id=52140, stack(0x00000040f7900000,0x00000040f7a00000) (1024K)]
  0x0000017afa80b540 JavaThread "Unconstrained build operations Thread 87"        [_thread_blocked, id=7512, stack(0x00000040f7a00000,0x00000040f7b00000) (1024K)]
  0x0000017afa80a820 JavaThread "Unconstrained build operations Thread 88"        [_thread_blocked, id=53888, stack(0x00000040f7b00000,0x00000040f7c00000) (1024K)]
  0x0000017afa80c8f0 JavaThread "Unconstrained build operations Thread 89"        [_thread_blocked, id=52768, stack(0x00000040f7c00000,0x00000040f7d00000) (1024K)]
  0x0000017afa80e330 JavaThread "Unconstrained build operations Thread 90"        [_thread_blocked, id=51772, stack(0x00000040f7d00000,0x00000040f7e00000) (1024K)]
  0x0000017afa80d610 JavaThread "Unconstrained build operations Thread 91"        [_thread_blocked, id=44740, stack(0x00000040f7e00000,0x00000040f7f00000) (1024K)]
  0x0000017afa80aeb0 JavaThread "Unconstrained build operations Thread 92"        [_thread_blocked, id=14000, stack(0x00000040f7f00000,0x00000040f8000000) (1024K)]
  0x0000017afa80cf80 JavaThread "Unconstrained build operations Thread 93"        [_thread_blocked, id=51532, stack(0x00000040f8000000,0x00000040f8100000) (1024K)]
  0x0000017afa80e9c0 JavaThread "Unconstrained build operations Thread 94"        [_thread_blocked, id=50712, stack(0x00000040f8100000,0x00000040f8200000) (1024K)]
  0x0000017afa80f050 JavaThread "Unconstrained build operations Thread 95"        [_thread_blocked, id=51684, stack(0x00000040f8200000,0x00000040f8300000) (1024K)]
  0x0000017afa80f6e0 JavaThread "Unconstrained build operations Thread 96"        [_thread_blocked, id=14160, stack(0x00000040f8300000,0x00000040f8400000) (1024K)]
  0x0000017a80e92f80 JavaThread "Unconstrained build operations Thread 97"        [_thread_blocked, id=53572, stack(0x00000040f8400000,0x00000040f8500000) (1024K)]
  0x0000017a80e928f0 JavaThread "Unconstrained build operations Thread 98"        [_thread_blocked, id=47840, stack(0x00000040f8500000,0x00000040f8600000) (1024K)]
  0x0000017a80e93610 JavaThread "Unconstrained build operations Thread 99"        [_thread_blocked, id=24312, stack(0x00000040f8600000,0x00000040f8700000) (1024K)]
  0x0000017a80e93ca0 JavaThread "jar transforms Thread 10"          [_thread_blocked, id=20792, stack(0x00000040f8700000,0x00000040f8800000) (1024K)]
  0x0000017a80e95050 JavaThread "jar transforms Thread 11"          [_thread_blocked, id=43200, stack(0x00000040f8800000,0x00000040f8900000) (1024K)]
Total: 159

Other Threads:
=>0x0000017ab48e9990 VMThread "VM Thread"                           [id=55000, stack(0x00000040edd00000,0x00000040ede00000) (1024K)]
  0x0000017ab48db7b0 WatcherThread "VM Periodic Task Thread"        [id=7628, stack(0x00000040edc00000,0x00000040edd00000) (1024K)]
  0x0000017a947a8ea0 WorkerThread "GC Thread#0"                     [id=54268, stack(0x00000040ed700000,0x00000040ed800000) (1024K)]
  0x0000017afa183f00 WorkerThread "GC Thread#1"                     [id=51180, stack(0x00000040ee800000,0x00000040ee900000) (1024K)]
  0x0000017ab4c14d50 WorkerThread "GC Thread#2"                     [id=25112, stack(0x00000040ee900000,0x00000040eea00000) (1024K)]
  0x0000017ab4c15500 WorkerThread "GC Thread#3"                     [id=48940, stack(0x00000040eea00000,0x00000040eeb00000) (1024K)]
  0x0000017afab03b10 WorkerThread "GC Thread#4"                     [id=22204, stack(0x00000040eec00000,0x00000040eed00000) (1024K)]
  0x0000017afb6e2330 WorkerThread "GC Thread#5"                     [id=28360, stack(0x00000040eed00000,0x00000040eee00000) (1024K)]
  0x0000017afb6e26d0 WorkerThread "GC Thread#6"                     [id=37104, stack(0x00000040eee00000,0x00000040eef00000) (1024K)]
  0x0000017afb6e48f0 WorkerThread "GC Thread#7"                     [id=53348, stack(0x00000040eef00000,0x00000040ef000000) (1024K)]
  0x0000017afb6e41b0 WorkerThread "GC Thread#8"                     [id=51476, stack(0x00000040ef000000,0x00000040ef100000) (1024K)]
  0x0000017afb6e5030 WorkerThread "GC Thread#9"                     [id=49288, stack(0x00000040efd00000,0x00000040efe00000) (1024K)]
  0x0000017a947bac10 ConcurrentGCThread "G1 Main Marker"            [id=35228, stack(0x00000040ed800000,0x00000040ed900000) (1024K)]
  0x0000017a947bb620 WorkerThread "G1 Conc#0"                       [id=52540, stack(0x00000040ed900000,0x00000040eda00000) (1024K)]
  0x0000017afb6e3a70 WorkerThread "G1 Conc#1"                       [id=36380, stack(0x00000040efe00000,0x00000040eff00000) (1024K)]
  0x0000017afbb3cfc0 WorkerThread "G1 Conc#2"                       [id=34376, stack(0x00000040eff00000,0x00000040f0000000) (1024K)]
  0x0000017a947feb40 ConcurrentGCThread "G1 Refine#0"               [id=20560, stack(0x00000040eda00000,0x00000040edb00000) (1024K)]
  0x0000017ab47a3510 ConcurrentGCThread "G1 Service"                [id=54104, stack(0x00000040edb00000,0x00000040edc00000) (1024K)]
Total: 18

Threads with active compile tasks:
Total: 0

VM state: at safepoint (normal execution)

VM Mutex/Monitor currently owned by a thread:  ([mutex/lock_event])
[0x00007ffb4e28e380] Threads_lock - owner thread: 0x0000017ab48e9990
[0x00007ffb4e28e480] Heap_lock - owner thread: 0x0000017a947bac10

Heap address: 0x0000000700000000, size: 4096 MB, Compressed Oops mode: Zero based, Oop shift amount: 3

CDS archive(s) mapped at: [0x0000017ab5000000-0x0000017ab5c80000-0x0000017ab5c80000), size 13107200, SharedBaseAddress: 0x0000017ab5000000, ArchiveRelocationMode: 1.
Compressed class space mapped at: 0x0000017ab6000000-0x0000017af6000000, reserved size: 1073741824
Narrow klass base: 0x0000017ab5000000, Narrow klass shift: 0, Narrow klass range: 0x100000000

GC Precious Log:
 CardTable entry size: 512
 Card Set container configuration: InlinePtr #cards 4 size 8 Array Of Cards #cards 16 size 48 Howl #buckets 8 coarsen threshold 3686 Howl Bitmap #cards 512 size 80 coarsen threshold 460 Card regions per heap region 1 cards per card region 4096
 CPUs: 12 total, 12 available
 Memory: 7895M
 Large Page Support: Disabled
 NUMA Support: Disabled
 Compressed Oops: Enabled (Zero based)
 Heap Region Size: 2M
 Heap Min Capacity: 8M
 Heap Initial Capacity: 124M
 Heap Max Capacity: 4G
 Pre-touch: Disabled
 Parallel Workers: 10
 Concurrent Workers: 3
 Concurrent Refinement Workers: 10
 Periodic GC: Disabled

Heap:
 garbage-first heap   total 260096K, used 170717K [0x0000000700000000, 0x0000000800000000)
  region size 2048K, 8 young (16384K), 5 survivors (10240K)
 Metaspace       used 126089K, committed 128768K, reserved 1179648K
  class space    used 16823K, committed 18176K, reserved 1048576K

Heap Regions: E=young(eden), S=young(survivor), O=old, HS=humongous(starts), HC=humongous(continues), CS=collection set, F=free, TAMS=top-at-mark-start, PB=parsable bottom
|   0|0x0000000700000000, 0x0000000700200000, 0x0000000700200000|100%|HS|  |TAMS 0x0000000700200000| PB 0x0000000700000000| Complete 
|   1|0x0000000700200000, 0x0000000700400000, 0x0000000700400000|100%|HC|  |TAMS 0x0000000700400000| PB 0x0000000700200000| Complete 
|   2|0x0000000700400000, 0x0000000700600000, 0x0000000700600000|100%| O|  |TAMS 0x0000000700600000| PB 0x0000000700600000| Untracked 
|   3|0x0000000700600000, 0x0000000700800000, 0x0000000700800000|100%| O|  |TAMS 0x0000000700800000| PB 0x0000000700800000| Untracked 
|   4|0x0000000700800000, 0x0000000700a00000, 0x0000000700a00000|100%| O|  |TAMS 0x0000000700a00000| PB 0x0000000700a00000| Updating 
|   5|0x0000000700a00000, 0x0000000700c00000, 0x0000000700c00000|100%| O|  |TAMS 0x0000000700c00000| PB 0x0000000700c00000| Untracked 
|   6|0x0000000700c00000, 0x0000000700e00000, 0x0000000700e00000|100%| O|  |TAMS 0x0000000700e00000| PB 0x0000000700e00000| Untracked 
|   7|0x0000000700e00000, 0x0000000701000000, 0x0000000701000000|100%| O|  |TAMS 0x0000000701000000| PB 0x0000000701000000| Updating 
|   8|0x0000000701000000, 0x0000000701200000, 0x0000000701200000|100%| O|  |TAMS 0x0000000701200000| PB 0x0000000701200000| Untracked 
|   9|0x0000000701200000, 0x0000000701400000, 0x0000000701400000|100%| O|  |TAMS 0x0000000701400000| PB 0x0000000701400000| Untracked 
|  10|0x0000000701400000, 0x0000000701600000, 0x0000000701600000|100%| O|  |TAMS 0x0000000701600000| PB 0x0000000701600000| Untracked 
|  11|0x0000000701600000, 0x0000000701800000, 0x0000000701800000|100%| O|  |TAMS 0x0000000701800000| PB 0x0000000701800000| Untracked 
|  12|0x0000000701800000, 0x0000000701a00000, 0x0000000701a00000|100%| O|  |TAMS 0x0000000701a00000| PB 0x0000000701a00000| Updating 
|  13|0x0000000701a00000, 0x0000000701c00000, 0x0000000701c00000|100%| O|  |TAMS 0x0000000701c00000| PB 0x0000000701c00000| Untracked 
|  14|0x0000000701c00000, 0x0000000701e00000, 0x0000000701e00000|100%| O|  |TAMS 0x0000000701e00000| PB 0x0000000701e00000| Untracked 
|  15|0x0000000701e00000, 0x0000000702000000, 0x0000000702000000|100%|HS|  |TAMS 0x0000000702000000| PB 0x0000000701e00000| Complete 
|  16|0x0000000702000000, 0x0000000702200000, 0x0000000702200000|100%|HS|  |TAMS 0x0000000702200000| PB 0x0000000702000000| Complete 
|  17|0x0000000702200000, 0x0000000702400000, 0x0000000702400000|100%| O|  |TAMS 0x0000000702400000| PB 0x0000000702400000| Untracked 
|  18|0x0000000702400000, 0x0000000702600000, 0x0000000702600000|100%| O|  |TAMS 0x0000000702600000| PB 0x0000000702600000| Updating 
|  19|0x0000000702600000, 0x0000000702800000, 0x0000000702800000|100%| O|  |TAMS 0x0000000702800000| PB 0x0000000702800000| Updating 
|  20|0x0000000702800000, 0x0000000702a00000, 0x0000000702a00000|100%| O|  |TAMS 0x0000000702a00000| PB 0x0000000702a00000| Untracked 
|  21|0x0000000702a00000, 0x0000000702c00000, 0x0000000702c00000|100%| O|  |TAMS 0x0000000702c00000| PB 0x0000000702c00000| Updating 
|  22|0x0000000702c00000, 0x0000000702e00000, 0x0000000702e00000|100%| O|  |TAMS 0x0000000702e00000| PB 0x0000000702e00000| Untracked 
|  23|0x0000000702e00000, 0x0000000703000000, 0x0000000703000000|100%| O|  |TAMS 0x0000000703000000| PB 0x0000000703000000| Untracked 
|  24|0x0000000703000000, 0x0000000703200000, 0x0000000703200000|100%|HS|  |TAMS 0x0000000703200000| PB 0x0000000703000000| Complete 
|  25|0x0000000703200000, 0x0000000703400000, 0x0000000703400000|100%|HC|  |TAMS 0x0000000703400000| PB 0x0000000703200000| Complete 
|  26|0x0000000703400000, 0x0000000703600000, 0x0000000703600000|100%|HS|  |TAMS 0x0000000703600000| PB 0x0000000703400000| Complete 
|  27|0x0000000703600000, 0x0000000703800000, 0x0000000703800000|100%|HC|  |TAMS 0x0000000703800000| PB 0x0000000703600000| Complete 
|  28|0x0000000703800000, 0x0000000703a00000, 0x0000000703a00000|100%| O|  |TAMS 0x0000000703a00000| PB 0x0000000703a00000| Untracked 
|  29|0x0000000703a00000, 0x0000000703c00000, 0x0000000703c00000|100%| O|  |TAMS 0x0000000703c00000| PB 0x0000000703c00000| Updating 
|  30|0x0000000703c00000, 0x0000000703e00000, 0x0000000703e00000|100%| O|  |TAMS 0x0000000703e00000| PB 0x0000000703e00000| Untracked 
|  31|0x0000000703e00000, 0x0000000704000000, 0x0000000704000000|100%| O|  |TAMS 0x0000000704000000| PB 0x0000000704000000| Updating 
|  32|0x0000000704000000, 0x0000000704200000, 0x0000000704200000|100%| O|  |TAMS 0x0000000704200000| PB 0x0000000704200000| Untracked 
|  33|0x0000000704200000, 0x0000000704400000, 0x0000000704400000|100%| O|  |TAMS 0x0000000704400000| PB 0x0000000704400000| Untracked 
|  34|0x0000000704400000, 0x0000000704600000, 0x0000000704600000|100%| O|  |TAMS 0x0000000704600000| PB 0x0000000704600000| Untracked 
|  35|0x0000000704600000, 0x0000000704800000, 0x0000000704800000|100%| O|  |TAMS 0x0000000704800000| PB 0x0000000704800000| Untracked 
|  36|0x0000000704800000, 0x0000000704a00000, 0x0000000704a00000|100%| O|  |TAMS 0x0000000704a00000| PB 0x0000000704a00000| Updating 
|  37|0x0000000704a00000, 0x0000000704c00000, 0x0000000704c00000|100%| O|  |TAMS 0x0000000704c00000| PB 0x0000000704c00000| Untracked 
|  38|0x0000000704c00000, 0x0000000704e00000, 0x0000000704e00000|100%|HS|  |TAMS 0x0000000704e00000| PB 0x0000000704c00000| Complete 
|  39|0x0000000704e00000, 0x0000000705000000, 0x0000000705000000|100%|HS|  |TAMS 0x0000000705000000| PB 0x0000000704e00000| Complete 
|  40|0x0000000705000000, 0x0000000705200000, 0x0000000705200000|100%|HC|  |TAMS 0x0000000705200000| PB 0x0000000705000000| Complete 
|  41|0x0000000705200000, 0x0000000705400000, 0x0000000705400000|100%| O|  |TAMS 0x0000000705400000| PB 0x0000000705400000| Untracked 
|  42|0x0000000705400000, 0x0000000705600000, 0x0000000705600000|100%|HS|  |TAMS 0x0000000705600000| PB 0x0000000705400000| Complete 
|  43|0x0000000705600000, 0x0000000705800000, 0x0000000705800000|100%|HC|  |TAMS 0x0000000705800000| PB 0x0000000705600000| Complete 
|  44|0x0000000705800000, 0x0000000705a00000, 0x0000000705a00000|100%|HC|  |TAMS 0x0000000705a00000| PB 0x0000000705800000| Complete 
|  45|0x0000000705a00000, 0x0000000705c00000, 0x0000000705c00000|100%| O|  |TAMS 0x0000000705c00000| PB 0x0000000705c00000| Untracked 
|  46|0x0000000705c00000, 0x0000000705e00000, 0x0000000705e00000|100%| O|  |TAMS 0x0000000705e00000| PB 0x0000000705e00000| Untracked 
|  47|0x0000000705e00000, 0x0000000706000000, 0x0000000706000000|100%| O|  |TAMS 0x0000000706000000| PB 0x0000000706000000| Untracked 
|  48|0x0000000706000000, 0x0000000706200000, 0x0000000706200000|100%| O|  |TAMS 0x0000000706200000| PB 0x0000000706200000| Untracked 
|  49|0x0000000706200000, 0x0000000706400000, 0x0000000706400000|100%| O|  |TAMS 0x0000000706400000| PB 0x0000000706400000| Untracked 
|  50|0x0000000706400000, 0x0000000706600000, 0x0000000706600000|100%| O|  |TAMS 0x0000000706600000| PB 0x0000000706600000| Updating 
|  51|0x0000000706600000, 0x0000000706800000, 0x0000000706800000|100%| O|  |TAMS 0x0000000706800000| PB 0x0000000706800000| Untracked 
|  52|0x0000000706800000, 0x0000000706a00000, 0x0000000706a00000|100%| O|  |TAMS 0x0000000706a00000| PB 0x0000000706a00000| Untracked 
|  53|0x0000000706a00000, 0x0000000706c00000, 0x0000000706c00000|100%| O|  |TAMS 0x0000000706c00000| PB 0x0000000706c00000| Untracked 
|  54|0x0000000706c00000, 0x0000000706e00000, 0x0000000706e00000|100%| O|  |TAMS 0x0000000706e00000| PB 0x0000000706e00000| Untracked 
|  55|0x0000000706e00000, 0x0000000707000000, 0x0000000707000000|100%| O|  |TAMS 0x0000000707000000| PB 0x0000000707000000| Untracked 
|  56|0x0000000707000000, 0x0000000707200000, 0x0000000707200000|100%| O|  |TAMS 0x0000000707200000| PB 0x0000000707200000| Untracked 
|  57|0x0000000707200000, 0x0000000707400000, 0x0000000707400000|100%| O|  |TAMS 0x0000000707200000| PB 0x0000000707200000| Untracked 
|  58|0x0000000707400000, 0x0000000707600000, 0x0000000707600000|100%| O|  |TAMS 0x0000000707600000| PB 0x0000000707600000| Updating 
|  59|0x0000000707600000, 0x0000000707800000, 0x0000000707800000|100%| O|  |TAMS 0x0000000707800000| PB 0x0000000707800000| Untracked 
|  60|0x0000000707800000, 0x0000000707a00000, 0x0000000707a00000|100%| O|  |TAMS 0x0000000707a00000| PB 0x0000000707a00000| Untracked 
|  61|0x0000000707a00000, 0x0000000707c00000, 0x0000000707c00000|100%| O|  |TAMS 0x0000000707c00000| PB 0x0000000707c00000| Untracked 
|  62|0x0000000707c00000, 0x0000000707e00000, 0x0000000707e00000|100%| O|  |TAMS 0x0000000707e00000| PB 0x0000000707e00000| Untracked 
|  63|0x0000000707e00000, 0x0000000707fa1da0, 0x0000000708000000| 81%| O|  |TAMS 0x0000000707e00000| PB 0x0000000707e00000| Updating 
|  64|0x0000000708000000, 0x0000000708200000, 0x0000000708200000|100%| O|  |TAMS 0x0000000708200000| PB 0x0000000708200000| Updating 
|  65|0x0000000708200000, 0x0000000708400000, 0x0000000708400000|100%| O|  |TAMS 0x0000000708400000| PB 0x0000000708400000| Updating 
|  66|0x0000000708400000, 0x0000000708600000, 0x0000000708600000|100%| O|  |TAMS 0x0000000708600000| PB 0x0000000708600000| Untracked 
|  67|0x0000000708600000, 0x0000000708800000, 0x0000000708800000|100%| O|  |TAMS 0x0000000708800000| PB 0x0000000708800000| Untracked 
|  68|0x0000000708800000, 0x0000000708a00000, 0x0000000708a00000|100%| O|  |TAMS 0x000000070894b110| PB 0x000000070894b110| Updating 
|  69|0x0000000708a00000, 0x0000000708a00000, 0x0000000708c00000|  0%| F|  |TAMS 0x0000000708a00000| PB 0x0000000708a00000| Untracked 
|  70|0x0000000708c00000, 0x0000000708c00000, 0x0000000708e00000|  0%| F|  |TAMS 0x0000000708c00000| PB 0x0000000708c00000| Untracked 
|  71|0x0000000708e00000, 0x0000000708e00000, 0x0000000709000000|  0%| F|  |TAMS 0x0000000708e00000| PB 0x0000000708e00000| Untracked 
|  72|0x0000000709000000, 0x0000000709000000, 0x0000000709200000|  0%| F|  |TAMS 0x0000000709000000| PB 0x0000000709000000| Untracked 
|  73|0x0000000709200000, 0x0000000709200000, 0x0000000709400000|  0%| F|  |TAMS 0x0000000709200000| PB 0x0000000709200000| Untracked 
|  74|0x0000000709400000, 0x0000000709400000, 0x0000000709600000|  0%| F|  |TAMS 0x0000000709400000| PB 0x0000000709400000| Untracked 
|  75|0x0000000709600000, 0x0000000709600000, 0x0000000709800000|  0%| F|  |TAMS 0x0000000709600000| PB 0x0000000709600000| Untracked 
|  76|0x0000000709800000, 0x0000000709800000, 0x0000000709a00000|  0%| F|  |TAMS 0x0000000709800000| PB 0x0000000709800000| Untracked 
|  77|0x0000000709a00000, 0x0000000709a00000, 0x0000000709c00000|  0%| F|  |TAMS 0x0000000709a00000| PB 0x0000000709a00000| Untracked 
|  78|0x0000000709c00000, 0x0000000709c00000, 0x0000000709e00000|  0%| F|  |TAMS 0x0000000709c00000| PB 0x0000000709c00000| Untracked 
|  79|0x0000000709e00000, 0x0000000709e00000, 0x000000070a000000|  0%| F|  |TAMS 0x0000000709e00000| PB 0x0000000709e00000| Untracked 
|  80|0x000000070a000000, 0x000000070a1159f0, 0x000000070a200000| 54%| S|CS|TAMS 0x000000070a000000| PB 0x000000070a000000| Complete 
|  81|0x000000070a200000, 0x000000070a400000, 0x000000070a400000|100%| S|CS|TAMS 0x000000070a200000| PB 0x000000070a200000| Complete 
|  82|0x000000070a400000, 0x000000070a600000, 0x000000070a600000|100%| S|CS|TAMS 0x000000070a400000| PB 0x000000070a400000| Complete 
|  83|0x000000070a600000, 0x000000070a800000, 0x000000070a800000|100%| S|CS|TAMS 0x000000070a600000| PB 0x000000070a600000| Complete 
|  84|0x000000070a800000, 0x000000070aa00000, 0x000000070aa00000|100%| S|CS|TAMS 0x000000070a800000| PB 0x000000070a800000| Complete 
|  85|0x000000070aa00000, 0x000000070aa00000, 0x000000070ac00000|  0%| F|  |TAMS 0x000000070aa00000| PB 0x000000070aa00000| Untracked 
|  86|0x000000070ac00000, 0x000000070ac00000, 0x000000070ae00000|  0%| F|  |TAMS 0x000000070ac00000| PB 0x000000070ac00000| Untracked 
|  87|0x000000070ae00000, 0x000000070ae00000, 0x000000070b000000|  0%| F|  |TAMS 0x000000070ae00000| PB 0x000000070ae00000| Untracked 
|  88|0x000000070b000000, 0x000000070b000000, 0x000000070b200000|  0%| F|  |TAMS 0x000000070b000000| PB 0x000000070b000000| Untracked 
|  89|0x000000070b200000, 0x000000070b200000, 0x000000070b400000|  0%| F|  |TAMS 0x000000070b200000| PB 0x000000070b200000| Untracked 
|  90|0x000000070b400000, 0x000000070b400000, 0x000000070b600000|  0%| F|  |TAMS 0x000000070b400000| PB 0x000000070b400000| Untracked 
|  91|0x000000070b600000, 0x000000070b600000, 0x000000070b800000|  0%| F|  |TAMS 0x000000070b600000| PB 0x000000070b600000| Untracked 
|  92|0x000000070b800000, 0x000000070b800000, 0x000000070ba00000|  0%| F|  |TAMS 0x000000070b800000| PB 0x000000070b800000| Untracked 
|  93|0x000000070ba00000, 0x000000070ba00000, 0x000000070bc00000|  0%| F|  |TAMS 0x000000070ba00000| PB 0x000000070ba00000| Untracked 
|  94|0x000000070bc00000, 0x000000070bc00000, 0x000000070be00000|  0%| F|  |TAMS 0x000000070bc00000| PB 0x000000070bc00000| Untracked 
|  95|0x000000070be00000, 0x000000070be00000, 0x000000070c000000|  0%| F|  |TAMS 0x000000070be00000| PB 0x000000070be00000| Untracked 
|  96|0x000000070c000000, 0x000000070c000000, 0x000000070c200000|  0%| F|  |TAMS 0x000000070c000000| PB 0x000000070c000000| Untracked 
|  97|0x000000070c200000, 0x000000070c200000, 0x000000070c400000|  0%| F|  |TAMS 0x000000070c200000| PB 0x000000070c200000| Untracked 
|  98|0x000000070c400000, 0x000000070c400000, 0x000000070c600000|  0%| F|  |TAMS 0x000000070c400000| PB 0x000000070c400000| Untracked 
|  99|0x000000070c600000, 0x000000070c600000, 0x000000070c800000|  0%| F|  |TAMS 0x000000070c600000| PB 0x000000070c600000| Untracked 
| 100|0x000000070c800000, 0x000000070c800000, 0x000000070ca00000|  0%| F|  |TAMS 0x000000070c800000| PB 0x000000070c800000| Untracked 
| 101|0x000000070ca00000, 0x000000070ca00000, 0x000000070cc00000|  0%| F|  |TAMS 0x000000070ca00000| PB 0x000000070ca00000| Untracked 
| 102|0x000000070cc00000, 0x000000070cc00000, 0x000000070ce00000|  0%| F|  |TAMS 0x000000070cc00000| PB 0x000000070cc00000| Untracked 
| 103|0x000000070ce00000, 0x000000070ce00000, 0x000000070d000000|  0%| F|  |TAMS 0x000000070ce00000| PB 0x000000070ce00000| Untracked 
| 104|0x000000070d000000, 0x000000070d000000, 0x000000070d200000|  0%| F|  |TAMS 0x000000070d000000| PB 0x000000070d000000| Untracked 
| 105|0x000000070d200000, 0x000000070d200000, 0x000000070d400000|  0%| F|  |TAMS 0x000000070d200000| PB 0x000000070d200000| Untracked 
| 106|0x000000070d400000, 0x000000070d400000, 0x000000070d600000|  0%| F|  |TAMS 0x000000070d400000| PB 0x000000070d400000| Untracked 
| 107|0x000000070d600000, 0x000000070d600000, 0x000000070d800000|  0%| F|  |TAMS 0x000000070d600000| PB 0x000000070d600000| Untracked 
| 108|0x000000070d800000, 0x000000070d800000, 0x000000070da00000|  0%| F|  |TAMS 0x000000070d800000| PB 0x000000070d800000| Untracked 
| 109|0x000000070da00000, 0x000000070da00000, 0x000000070dc00000|  0%| F|  |TAMS 0x000000070da00000| PB 0x000000070da00000| Untracked 
| 110|0x000000070dc00000, 0x000000070dc00000, 0x000000070de00000|  0%| F|  |TAMS 0x000000070dc00000| PB 0x000000070dc00000| Untracked 
| 111|0x000000070de00000, 0x000000070de00000, 0x000000070e000000|  0%| F|  |TAMS 0x000000070de00000| PB 0x000000070de00000| Untracked 
| 112|0x000000070e000000, 0x000000070e000000, 0x000000070e200000|  0%| F|  |TAMS 0x000000070e000000| PB 0x000000070e000000| Untracked 
| 113|0x000000070e200000, 0x000000070e200000, 0x000000070e400000|  0%| F|  |TAMS 0x000000070e200000| PB 0x000000070e200000| Untracked 
| 114|0x000000070e400000, 0x000000070e400000, 0x000000070e600000|  0%| F|  |TAMS 0x000000070e400000| PB 0x000000070e400000| Untracked 
| 115|0x000000070e600000, 0x000000070e600000, 0x000000070e800000|  0%| F|  |TAMS 0x000000070e600000| PB 0x000000070e600000| Untracked 
| 116|0x000000070e800000, 0x000000070e813728, 0x000000070ea00000|  3%| E|  |TAMS 0x000000070e800000| PB 0x000000070e800000| Complete 
|2038|0x00000007fec00000, 0x00000007fee00000, 0x00000007fee00000|100%| E|CS|TAMS 0x00000007fec00000| PB 0x00000007fec00000| Complete 
|2039|0x00000007fee00000, 0x00000007ff000000, 0x00000007ff000000|100%| O|  |TAMS 0x00000007ff000000| PB 0x00000007ff000000| Untracked 
|2040|0x00000007ff000000, 0x00000007ff200000, 0x00000007ff200000|100%| O|  |TAMS 0x00000007ff200000| PB 0x00000007ff200000| Updating 
|2041|0x00000007ff200000, 0x00000007ff400000, 0x00000007ff400000|100%| E|CS|TAMS 0x00000007ff200000| PB 0x00000007ff200000| Complete 
|2042|0x00000007ff400000, 0x00000007ff600000, 0x00000007ff600000|100%| O|  |TAMS 0x00000007ff600000| PB 0x00000007ff600000| Updating 
|2043|0x00000007ff600000, 0x00000007ff800000, 0x00000007ff800000|100%| O|  |TAMS 0x00000007ff800000| PB 0x00000007ff800000| Untracked 
|2044|0x00000007ff800000, 0x00000007ffa00000, 0x00000007ffa00000|100%| O|  |TAMS 0x00000007ffa00000| PB 0x00000007ffa00000| Untracked 
|2045|0x00000007ffa00000, 0x00000007ffc00000, 0x00000007ffc00000|100%| O|  |TAMS 0x00000007ffc00000| PB 0x00000007ffc00000| Untracked 
|2046|0x00000007ffc00000, 0x00000007ffe00000, 0x00000007ffe00000|100%| O|  |TAMS 0x00000007ffe00000| PB 0x00000007ffe00000| Untracked 
|2047|0x00000007ffe00000, 0x0000000800000000, 0x0000000800000000|100%| O|  |TAMS 0x0000000800000000| PB 0x0000000800000000| Untracked 

Card table byte_map: [0x0000017aad400000,0x0000017aadc00000] _byte_map_base: 0x0000017aa9c00000

Marking Bits: (CMBitMap*) 0x0000017a947a94b0
 Bits: [0x0000017aadc00000, 0x0000017ab1c00000)

Polling page: 0x0000017a92f30000

Metaspace:

Usage:
  Non-class:    106.70 MB used.
      Class:     16.43 MB used.
       Both:    123.13 MB used.

Virtual space:
  Non-class space:      128.00 MB reserved,     108.00 MB ( 84%) committed,  2 nodes.
      Class space:        1.00 GB reserved,      17.75 MB (  2%) committed,  1 nodes.
             Both:        1.12 GB reserved,     125.75 MB ( 11%) committed. 

Chunk freelists:
   Non-Class:  3.64 MB
       Class:  14.27 MB
        Both:  17.91 MB

MaxMetaspaceSize: unlimited
CompressedClassSpaceSize: 1.00 GB
Initial GC threshold: 21.00 MB
Current GC threshold: 177.94 MB
CDS: on
 - commit_granule_bytes: 65536.
 - commit_granule_words: 8192.
 - virtual_space_node_default_size: 8388608.
 - enlarge_chunks_in_place: 1.
 - use_allocation_guard: 0.


Internal statistics:

num_allocs_failed_limit: 15.
num_arena_births: 4740.
num_arena_deaths: 0.
num_vsnodes_births: 3.
num_vsnodes_deaths: 0.
num_space_committed: 2010.
num_space_uncommitted: 0.
num_chunks_returned_to_freelist: 15.
num_chunks_taken_from_freelist: 10369.
num_chunk_merges: 9.
num_chunk_splits: 7006.
num_chunks_enlarged: 4576.
num_inconsistent_stats: 0.

CodeHeap 'non-profiled nmethods': size=120000Kb used=7291Kb max_used=7739Kb free=112708Kb
 bounds [0x0000017aa4a30000, 0x0000017aa51c0000, 0x0000017aabf60000]
CodeHeap 'profiled nmethods': size=120000Kb used=22862Kb max_used=23481Kb free=97137Kb
 bounds [0x0000017a9cf60000, 0x0000017a9e650000, 0x0000017aa4490000]
CodeHeap 'non-nmethods': size=5760Kb used=3084Kb max_used=3118Kb free=2675Kb
 bounds [0x0000017aa4490000, 0x0000017aa47b0000, 0x0000017aa4a30000]
 total_blobs=13052 nmethods=11920 adapters=1035
 compilation: enabled
              stopped_count=0, restarted_count=0
 full_count=0

Compilation events (20 events):
Event: 33.642 Thread 0x0000017ab491e8b0 14322       1       org.jetbrains.kotlin.backend.common.phaser.PhaserState::getDepth (5 bytes)
Event: 33.642 Thread 0x0000017ab491e8b0 nmethod 14322 0x0000017aa51be010 code [0x0000017aa51be1a0, 0x0000017aa51be268]
Event: 33.645 Thread 0x0000017ab491e8b0 14323       3       org.jetbrains.kotlin.ir.declarations.IrValueParameter::acceptChildren (25 bytes)
Event: 33.646 Thread 0x0000017ab491e8b0 nmethod 14323 0x0000017a9e648710 code [0x0000017a9e6489e0, 0x0000017a9e6496f8]
Event: 33.647 Thread 0x0000017ab491e8b0 14324       3       org.jetbrains.kotlin.ir.visitors.IrElementTransformerVoid::visitBlockBody (16 bytes)
Event: 33.647 Thread 0x0000017ab491e8b0 nmethod 14324 0x0000017a9e649b90 code [0x0000017a9e649dc0, 0x0000017a9e64a440]
Event: 33.648 Thread 0x0000017ab491e8b0 14325       1       org.jetbrains.kotlin.backend.jvm.JvmBackendContext::getIrBuiltIns (5 bytes)
Event: 33.648 Thread 0x0000017ab491e8b0 nmethod 14325 0x0000017aa51be310 code [0x0000017aa51be4a0, 0x0000017aa51be570]
Event: 33.651 Thread 0x0000017ab491e8b0 14326       3       org.jetbrains.kotlin.backend.common.ClassLoweringVisitor::visitDeclarationReference (6 bytes)
Event: 33.652 Thread 0x0000017ab491e8b0 nmethod 14326 0x0000017a9e64a690 code [0x0000017a9e64a9a0, 0x0000017a9e64b848]
Event: 33.654 Thread 0x0000017ab491e8b0 14327       3       org.jetbrains.kotlin.ir.visitors.IrElementTransformerVoid::visitValueParameter (15 bytes)
Event: 33.655 Thread 0x0000017ab491e8b0 nmethod 14327 0x0000017a9e64bd90 code [0x0000017a9e64bfc0, 0x0000017a9e64c640]
Event: 33.655 Thread 0x0000017ab491e8b0 14329       3       org.jetbrains.kotlin.ir.expressions.IrTypeOperatorCall::transformChildren (20 bytes)
Event: 33.656 Thread 0x0000017ab491e8b0 nmethod 14329 0x0000017a9e64c890 code [0x0000017a9e64cc40, 0x0000017a9e64e3b8]
Event: 33.656 Thread 0x0000017ab491e8b0 14328       3       org.jetbrains.kotlin.ir.visitors.IrElementTransformerVoidKt::transformChildrenVoid (24 bytes)
Event: 33.657 Thread 0x0000017ab491e8b0 nmethod 14328 0x0000017a9e64eb90 code [0x0000017a9e64ee40, 0x0000017a9e64f910]
Event: 33.657 Thread 0x0000017ab491e8b0 14331       1       org.jetbrains.kotlin.ir.declarations.lazy.IrLazyFunction::getName (5 bytes)
Event: 33.657 Thread 0x0000017ab491e8b0 nmethod 14331 0x0000017aa51be610 code [0x0000017aa51be7a0, 0x0000017aa51be870]
Event: 33.657 Thread 0x0000017ab491e8b0 14330       1       org.jetbrains.kotlin.ir.expressions.impl.IrConstructorCallImpl::getValueArguments (5 bytes)
Event: 33.657 Thread 0x0000017ab491e8b0 nmethod 14330 0x0000017aa51be910 code [0x0000017aa51beaa0, 0x0000017aa51beb70]

GC Heap History (20 events):
Event: 26.635 GC heap before
{Heap before GC invocations=29 (full 0):
 garbage-first heap   total 157696K, used 135693K [0x0000000700000000, 0x0000000800000000)
  region size 2048K, 19 young (38912K), 3 survivors (6144K)
 Metaspace       used 78736K, committed 80960K, reserved 1179648K
  class space    used 11084K, committed 12160K, reserved 1048576K
}
Event: 26.640 GC heap after
{Heap after GC invocations=30 (full 0):
 garbage-first heap   total 157696K, used 105911K [0x0000000700000000, 0x0000000800000000)
  region size 2048K, 2 young (4096K), 2 survivors (4096K)
 Metaspace       used 78736K, committed 80960K, reserved 1179648K
  class space    used 11084K, committed 12160K, reserved 1048576K
}
Event: 27.108 GC heap before
{Heap before GC invocations=31 (full 0):
 garbage-first heap   total 182272K, used 134583K [0x0000000700000000, 0x0000000800000000)
  region size 2048K, 17 young (34816K), 2 survivors (4096K)
 Metaspace       used 83409K, committed 85632K, reserved 1179648K
  class space    used 11670K, committed 12736K, reserved 1048576K
}
Event: 27.111 GC heap after
{Heap after GC invocations=32 (full 0):
 garbage-first heap   total 182272K, used 106899K [0x0000000700000000, 0x0000000800000000)
  region size 2048K, 3 young (6144K), 3 survivors (6144K)
 Metaspace       used 83409K, committed 85632K, reserved 1179648K
  class space    used 11670K, committed 12736K, reserved 1048576K
}
Event: 27.933 GC heap before
{Heap before GC invocations=32 (full 0):
 garbage-first heap   total 182272K, used 164243K [0x0000000700000000, 0x0000000800000000)
  region size 2048K, 29 young (59392K), 3 survivors (6144K)
 Metaspace       used 88633K, committed 90880K, reserved 1179648K
  class space    used 12752K, committed 13824K, reserved 1048576K
}
Event: 27.945 GC heap after
{Heap after GC invocations=33 (full 0):
 garbage-first heap   total 186368K, used 122880K [0x0000000700000000, 0x0000000800000000)
  region size 2048K, 4 young (8192K), 4 survivors (8192K)
 Metaspace       used 88633K, committed 90880K, reserved 1179648K
  class space    used 12752K, committed 13824K, reserved 1048576K
}
Event: 28.111 GC heap before
{Heap before GC invocations=33 (full 0):
 garbage-first heap   total 186368K, used 163840K [0x0000000700000000, 0x0000000800000000)
  region size 2048K, 24 young (49152K), 4 survivors (8192K)
 Metaspace       used 88654K, committed 90880K, reserved 1179648K
  class space    used 12753K, committed 13824K, reserved 1048576K
}
Event: 28.123 GC heap after
{Heap after GC invocations=34 (full 0):
 garbage-first heap   total 243712K, used 129293K [0x0000000700000000, 0x0000000800000000)
  region size 2048K, 3 young (6144K), 3 survivors (6144K)
 Metaspace       used 88654K, committed 90880K, reserved 1179648K
  class space    used 12753K, committed 13824K, reserved 1048576K
}
Event: 28.915 GC heap before
{Heap before GC invocations=35 (full 0):
 garbage-first heap   total 243712K, used 198925K [0x0000000700000000, 0x0000000800000000)
  region size 2048K, 35 young (71680K), 3 survivors (6144K)
 Metaspace       used 93007K, committed 95232K, reserved 1179648K
  class space    used 13243K, committed 14336K, reserved 1048576K
}
Event: 28.924 GC heap after
{Heap after GC invocations=36 (full 0):
 garbage-first heap   total 243712K, used 147127K [0x0000000700000000, 0x0000000800000000)
  region size 2048K, 5 young (10240K), 5 survivors (10240K)
 Metaspace       used 93007K, committed 95232K, reserved 1179648K
  class space    used 13243K, committed 14336K, reserved 1048576K
}
Event: 29.627 GC heap before
{Heap before GC invocations=36 (full 0):
 garbage-first heap   total 243712K, used 206519K [0x0000000700000000, 0x0000000800000000)
  region size 2048K, 34 young (69632K), 5 survivors (10240K)
 Metaspace       used 98802K, committed 101120K, reserved 1179648K
  class space    used 13759K, committed 14912K, reserved 1048576K
}
Event: 29.639 GC heap after
{Heap after GC invocations=37 (full 0):
 garbage-first heap   total 243712K, used 152628K [0x0000000700000000, 0x0000000800000000)
  region size 2048K, 4 young (8192K), 4 survivors (8192K)
 Metaspace       used 98802K, committed 101120K, reserved 1179648K
  class space    used 13759K, committed 14912K, reserved 1048576K
}
Event: 30.518 GC heap before
{Heap before GC invocations=37 (full 0):
 garbage-first heap   total 243712K, used 209972K [0x0000000700000000, 0x0000000800000000)
  region size 2048K, 32 young (65536K), 4 survivors (8192K)
 Metaspace       used 106239K, committed 108864K, reserved 1179648K
  class space    used 14739K, committed 16064K, reserved 1048576K
}
Event: 30.523 GC heap after
{Heap after GC invocations=38 (full 0):
 garbage-first heap   total 243712K, used 155234K [0x0000000700000000, 0x0000000800000000)
  region size 2048K, 2 young (4096K), 2 survivors (4096K)
 Metaspace       used 106239K, committed 108864K, reserved 1179648K
  class space    used 14739K, committed 16064K, reserved 1048576K
}
Event: 31.277 GC heap before
{Heap before GC invocations=39 (full 0):
 garbage-first heap   total 260096K, used 214626K [0x0000000700000000, 0x0000000800000000)
  region size 2048K, 31 young (63488K), 2 survivors (4096K)
 Metaspace       used 109914K, committed 112576K, reserved 1179648K
  class space    used 15148K, committed 16512K, reserved 1048576K
}
Event: 31.281 GC heap after
{Heap after GC invocations=40 (full 0):
 garbage-first heap   total 260096K, used 159002K [0x0000000700000000, 0x0000000800000000)
  region size 2048K, 4 young (8192K), 4 survivors (8192K)
 Metaspace       used 109914K, committed 112576K, reserved 1179648K
  class space    used 15148K, committed 16512K, reserved 1048576K
}
Event: 32.567 GC heap before
{Heap before GC invocations=40 (full 0):
 garbage-first heap   total 260096K, used 230682K [0x0000000700000000, 0x0000000800000000)
  region size 2048K, 39 young (79872K), 4 survivors (8192K)
 Metaspace       used 116076K, committed 118784K, reserved 1179648K
  class space    used 15775K, committed 17152K, reserved 1048576K
}
Event: 32.576 GC heap after
{Heap after GC invocations=41 (full 0):
 garbage-first heap   total 260096K, used 162268K [0x0000000700000000, 0x0000000800000000)
  region size 2048K, 5 young (10240K), 5 survivors (10240K)
 Metaspace       used 116076K, committed 118784K, reserved 1179648K
  class space    used 15775K, committed 17152K, reserved 1048576K
}
Event: 33.583 GC heap before
{Heap before GC invocations=41 (full 0):
 garbage-first heap   total 260096K, used 231900K [0x0000000700000000, 0x0000000800000000)
  region size 2048K, 39 young (79872K), 5 survivors (10240K)
 Metaspace       used 125392K, committed 128064K, reserved 1179648K
  class space    used 16752K, committed 18112K, reserved 1048576K
}
Event: 33.591 GC heap after
{Heap after GC invocations=42 (full 0):
 garbage-first heap   total 260096K, used 166621K [0x0000000700000000, 0x0000000800000000)
  region size 2048K, 5 young (10240K), 5 survivors (10240K)
 Metaspace       used 125392K, committed 128064K, reserved 1179648K
  class space    used 16752K, committed 18112K, reserved 1048576K
}

Dll operation events (15 events):
Event: 0.013 Loaded shared library C:\Users\rodri\OneDrive\Desktop\OpenJDK21U-jdk_x64_windows_hotspot_21.0.6_7\jdk-21.0.6+7\bin\java.dll
Event: 0.059 Loaded shared library C:\Users\rodri\OneDrive\Desktop\OpenJDK21U-jdk_x64_windows_hotspot_21.0.6_7\jdk-21.0.6+7\bin\jsvml.dll
Event: 0.099 Loaded shared library C:\Users\rodri\OneDrive\Desktop\OpenJDK21U-jdk_x64_windows_hotspot_21.0.6_7\jdk-21.0.6+7\bin\zip.dll
Event: 0.105 Loaded shared library C:\Users\rodri\OneDrive\Desktop\OpenJDK21U-jdk_x64_windows_hotspot_21.0.6_7\jdk-21.0.6+7\bin\instrument.dll
Event: 0.110 Loaded shared library C:\Users\rodri\OneDrive\Desktop\OpenJDK21U-jdk_x64_windows_hotspot_21.0.6_7\jdk-21.0.6+7\bin\net.dll
Event: 0.112 Loaded shared library C:\Users\rodri\OneDrive\Desktop\OpenJDK21U-jdk_x64_windows_hotspot_21.0.6_7\jdk-21.0.6+7\bin\nio.dll
Event: 0.114 Loaded shared library C:\Users\rodri\OneDrive\Desktop\OpenJDK21U-jdk_x64_windows_hotspot_21.0.6_7\jdk-21.0.6+7\bin\zip.dll
Event: 0.383 Loaded shared library C:\Users\rodri\OneDrive\Desktop\OpenJDK21U-jdk_x64_windows_hotspot_21.0.6_7\jdk-21.0.6+7\bin\jimage.dll
Event: 0.611 Loaded shared library C:\Users\rodri\OneDrive\Desktop\OpenJDK21U-jdk_x64_windows_hotspot_21.0.6_7\jdk-21.0.6+7\bin\verify.dll
Event: 0.802 Loaded shared library C:\Users\rodri\.gradle\native\c067742578af261105cb4f569cf0c3c89f3d7b1fecec35dd04571415982c5e48\windows-amd64\native-platform.dll
Event: 0.810 Loaded shared library C:\Users\rodri\.gradle\native\100fb08df4bc3b14c8652ba06237920a3bd2aa13389f12d3474272988ae205f9\windows-amd64\native-platform-file-events.dll
Event: 1.997 Loaded shared library C:\Users\rodri\OneDrive\Desktop\OpenJDK21U-jdk_x64_windows_hotspot_21.0.6_7\jdk-21.0.6+7\bin\management.dll
Event: 2.003 Loaded shared library C:\Users\rodri\OneDrive\Desktop\OpenJDK21U-jdk_x64_windows_hotspot_21.0.6_7\jdk-21.0.6+7\bin\management_ext.dll
Event: 2.272 Loaded shared library C:\Users\rodri\OneDrive\Desktop\OpenJDK21U-jdk_x64_windows_hotspot_21.0.6_7\jdk-21.0.6+7\bin\extnet.dll
Event: 2.567 Loaded shared library C:\Users\rodri\OneDrive\Desktop\OpenJDK21U-jdk_x64_windows_hotspot_21.0.6_7\jdk-21.0.6+7\bin\sunmscapi.dll

Deoptimization events (20 events):
Event: 32.587 Thread 0x0000017afb9a58c0 Uncommon trap: trap_request=0xffffffde fr.pc=0x0000017aa513f014 relative=0x0000000000000454
Event: 32.587 Thread 0x0000017afb9a58c0 Uncommon trap: reason=class_check action=maybe_recompile pc=0x0000017aa513f014 method=org.jetbrains.kotlin.storage.LockBasedStorageManager$LockBasedLazyValue.invoke()Ljava/lang/Object; @ 24 c2
Event: 32.587 Thread 0x0000017afb9a58c0 DEOPT PACKING pc=0x0000017aa513f014 sp=0x00000040ef6f52f0
Event: 32.587 Thread 0x0000017afb9a58c0 DEOPT UNPACKING pc=0x0000017aa44e46a2 sp=0x00000040ef6f51d8 mode 2
Event: 32.587 Thread 0x0000017afb9a58c0 Uncommon trap: trap_request=0xffffffde fr.pc=0x0000017aa513011c relative=0x0000000000000f3c
Event: 32.587 Thread 0x0000017afb9a58c0 Uncommon trap: reason=class_check action=maybe_recompile pc=0x0000017aa513011c method=org.jetbrains.kotlin.storage.LockBasedStorageManager$LockBasedLazyValue.invoke()Ljava/lang/Object; @ 24 c2
Event: 32.587 Thread 0x0000017afb9a58c0 DEOPT PACKING pc=0x0000017aa513011c sp=0x00000040ef6f54b0
Event: 32.587 Thread 0x0000017afb9a58c0 DEOPT UNPACKING pc=0x0000017aa44e46a2 sp=0x00000040ef6f5240 mode 2
Event: 32.591 Thread 0x0000017afb9a58c0 Uncommon trap: trap_request=0xffffffde fr.pc=0x0000017aa50ba190 relative=0x0000000000000450
Event: 32.591 Thread 0x0000017afb9a58c0 Uncommon trap: reason=class_check action=maybe_recompile pc=0x0000017aa50ba190 method=org.jetbrains.kotlin.storage.LockBasedStorageManager$LockBasedLazyValue.invoke()Ljava/lang/Object; @ 24 c2
Event: 32.591 Thread 0x0000017afb9a58c0 DEOPT PACKING pc=0x0000017aa50ba190 sp=0x00000040ef6f51b0
Event: 32.591 Thread 0x0000017afb9a58c0 DEOPT UNPACKING pc=0x0000017aa44e46a2 sp=0x00000040ef6f50f0 mode 2
Event: 32.591 Thread 0x0000017afb9a58c0 Uncommon trap: trap_request=0xffffffde fr.pc=0x0000017aa4bf7c58 relative=0x0000000000000358
Event: 32.591 Thread 0x0000017afb9a58c0 Uncommon trap: reason=class_check action=maybe_recompile pc=0x0000017aa4bf7c58 method=org.jetbrains.kotlin.storage.LockBasedStorageManager$LockBasedLazyValue.invoke()Ljava/lang/Object; @ 24 c2
Event: 32.591 Thread 0x0000017afb9a58c0 DEOPT PACKING pc=0x0000017aa4bf7c58 sp=0x00000040ef6f4d70
Event: 32.591 Thread 0x0000017afb9a58c0 DEOPT UNPACKING pc=0x0000017aa44e46a2 sp=0x00000040ef6f4d10 mode 2
Event: 32.593 Thread 0x0000017afb9a58c0 Uncommon trap: trap_request=0xffffffde fr.pc=0x0000017aa513f014 relative=0x0000000000000454
Event: 32.593 Thread 0x0000017afb9a58c0 Uncommon trap: reason=class_check action=maybe_recompile pc=0x0000017aa513f014 method=org.jetbrains.kotlin.storage.LockBasedStorageManager$LockBasedLazyValue.invoke()Ljava/lang/Object; @ 24 c2
Event: 32.593 Thread 0x0000017afb9a58c0 DEOPT PACKING pc=0x0000017aa513f014 sp=0x00000040ef6f44f0
Event: 32.593 Thread 0x0000017afb9a58c0 DEOPT UNPACKING pc=0x0000017aa44e46a2 sp=0x00000040ef6f43d8 mode 2

Classes loaded (20 events):
Event: 27.644 Loading class jdk/internal/access/foreign/UnmapperProxy
Event: 27.644 Loading class jdk/internal/access/foreign/UnmapperProxy done
Event: 27.644 Loading class sun/nio/ch/FileChannelImpl$Unmapper done
Event: 27.644 Loading class sun/nio/ch/FileChannelImpl$DefaultUnmapper done
Event: 27.644 Loading class sun/nio/ch/Util$4
Event: 27.644 Loading class sun/nio/ch/Util$4 done
Event: 27.650 Loading class java/io/UTFDataFormatException
Event: 27.650 Loading class java/io/UTFDataFormatException done
Event: 27.712 Loading class java/util/zip/ZipFile$ZipEntryIterator
Event: 27.712 Loading class java/util/zip/ZipFile$ZipEntryIterator done
Event: 28.241 Loading class java/nio/channels/Channels$ReadableByteChannelImpl
Event: 28.241 Loading class java/nio/channels/Channels$ReadableByteChannelImpl done
Event: 28.243 Loading class java/nio/channels/NonWritableChannelException
Event: 28.243 Loading class java/nio/channels/NonWritableChannelException done
Event: 30.155 Loading class java/text/StringCharacterIterator
Event: 30.155 Loading class java/text/CharacterIterator
Event: 30.155 Loading class java/text/CharacterIterator done
Event: 30.155 Loading class java/text/StringCharacterIterator done
Event: 30.176 Loading class java/io/NotSerializableException
Event: 30.176 Loading class java/io/NotSerializableException done

Classes unloaded (0 events):
No events

Classes redefined (0 events):
No events

Internal exceptions (20 events):
Event: 26.674 Thread 0x0000017afb9a58c0 Exception <a 'java/lang/NoSuchMethodError'{0x000000070868c948}: 'long java.lang.invoke.Invokers$Holder.invoke_MT(java.lang.Object, java.lang.Object, java.lang.Object, java.lang.Object)'> (0x000000070868c948) 
thrown [s\src\hotspot\share\interpreter\linkResolver.cpp, line 773]
Event: 26.676 Thread 0x0000017afb9a58c0 Exception <a 'java/lang/NoSuchMethodError'{0x00000007086953b0}: 'int java.lang.invoke.Invokers$Holder.invoke_MT(java.lang.Object, java.lang.Object, java.lang.Object, java.lang.Object)'> (0x00000007086953b0) 
thrown [s\src\hotspot\share\interpreter\linkResolver.cpp, line 773]
Event: 26.676 Thread 0x0000017afb9a58c0 Exception <a 'java/lang/NoSuchMethodError'{0x00000007086a1438}: 'void java.lang.invoke.DelegatingMethodHandle$Holder.reinvoke_L(java.lang.Object, java.lang.Object, java.lang.Object, long, java.lang.Object)'> (0x00000007086a1438) 
thrown [s\src\hotspot\share\interpreter\linkResolver.cpp, line 773]
Event: 26.677 Thread 0x0000017afb9a58c0 Exception <a 'java/lang/NoSuchMethodError'{0x00000007086b3de8}: 'int java.lang.invoke.DelegatingMethodHandle$Holder.reinvoke_L(java.lang.Object, java.lang.Object, java.lang.Object, long, java.lang.Object, java.lang.Object)'> (0x00000007086b3de8) 
thrown [s\src\hotspot\share\interpreter\linkResolver.cpp, line 773]
Event: 26.677 Thread 0x0000017afb9a58c0 Exception <a 'java/lang/NoSuchMethodError'{0x00000007086c3520}: 'int java.lang.invoke.DelegatingMethodHandle$Holder.reinvoke_L(java.lang.Object, java.lang.Object, java.lang.Object, long, int, int)'> (0x00000007086c3520) 
thrown [s\src\hotspot\share\interpreter\linkResolver.cpp, line 773]
Event: 26.678 Thread 0x0000017afb9a58c0 Exception <a 'java/lang/NoSuchMethodError'{0x00000007086d2798}: 'int java.lang.invoke.DelegatingMethodHandle$Holder.reinvoke_L(java.lang.Object, java.lang.Object, java.lang.Object, long, long, long)'> (0x00000007086d2798) 
thrown [s\src\hotspot\share\interpreter\linkResolver.cpp, line 773]
Event: 26.678 Thread 0x0000017afb9a58c0 Exception <a 'java/lang/NoSuchMethodError'{0x00000007086e16d0}: 'int java.lang.invoke.DelegatingMethodHandle$Holder.reinvoke_L(java.lang.Object, java.lang.Object, java.lang.Object, long, int)'> (0x00000007086e16d0) 
thrown [s\src\hotspot\share\interpreter\linkResolver.cpp, line 773]
Event: 27.090 Thread 0x0000017afb9a58c0 Implicit null exception at 0x0000017aa4c52041 to 0x0000017aa4c5218c
Event: 27.554 Thread 0x0000017afb9a58c0 Exception <a 'java/lang/NoSuchMethodError'{0x0000000708fe05f8}: 'int java.lang.invoke.DirectMethodHandle$Holder.invokeSpecial(java.lang.Object, java.lang.Object, int, int)'> (0x0000000708fe05f8) 
thrown [s\src\hotspot\share\interpreter\linkResolver.cpp, line 773]
Event: 27.569 Thread 0x0000017afb9a58c0 Exception <a 'java/lang/NoSuchMethodError'{0x0000000708c670b8}: 'java.lang.Object java.lang.invoke.Invokers$Holder.invokeExact_MT(java.lang.Object, java.lang.Object, long, java.lang.Object)'> (0x0000000708c670b8) 
thrown [s\src\hotspot\share\interpreter\linkResolver.cpp, line 773]
Event: 27.645 Thread 0x0000017afb9a58c0 Exception <a 'java/lang/NoSuchMethodError'{0x0000000708ab1db8}: 'long java.lang.invoke.DirectMethodHandle$Holder.invokeStatic(java.lang.Object, java.lang.Object, int)'> (0x0000000708ab1db8) 
thrown [s\src\hotspot\share\interpreter\linkResolver.cpp, line 773]
Event: 27.646 Thread 0x0000017afb9a58c0 Exception <a 'java/lang/NoSuchMethodError'{0x0000000708abe1a0}: 'java.lang.Object java.lang.invoke.DelegatingMethodHandle$Holder.reinvoke_L(java.lang.Object, int, long, java.lang.Object, java.lang.Object, int, java.lang.Object)'> (0x0000000708abe1a0) 
thrown [s\src\hotspot\share\interpreter\linkResolver.cpp, line 773]
Event: 27.712 Thread 0x0000017afb9a58c0 Implicit null exception at 0x0000017aa4c4e96f to 0x0000017aa4c4f51c
Event: 27.973 Thread 0x0000017afb9a58c0 Implicit null exception at 0x0000017aa4e5d9a7 to 0x0000017aa4e5e05c
Event: 29.709 Thread 0x0000017afb9a58c0 Exception <a 'java/lang/NoSuchMethodError'{0x000000070d9fd5a8}: 'java.lang.Object java.lang.invoke.DirectMethodHandle$Holder.newInvokeSpecial(java.lang.Object, java.lang.Object, java.lang.Object, java.lang.Object, java.lang.Object, java.lang.Object, java.lang.Object, java.lang.Object, java.lang.Object, java.lang.Object, java.lang.Object, java.lang.Object, java.lang.Object, java.lang.Object, java.lang.Object, java.lang.Object, java.lang.Object, java.lang.Object, java.lang.Object, java.lang.Object, java.lang
Event: 29.734 Thread 0x0000017afb9a58c0 Exception <a 'java/lang/NoSuchMethodError'{0x000000070d7e0208}: 'java.lang.Object java.lang.invoke.DirectMethodHandle$Holder.newInvokeSpecial(java.lang.Object, java.lang.Object, java.lang.Object, java.lang.Object, java.lang.Object, java.lang.Object, java.lang.Object, java.lang.Object, java.lang.Object, java.lang.Object, java.lang.Object, java.lang.Object, java.lang.Object, java.lang.Object, java.lang.Object, java.lang.Object, java.lang.Object, java.lang.Object, java.lang.Object, java.lang.Object)'> (0x0000
Event: 29.735 Thread 0x0000017afb9a58c0 Exception <a 'java/lang/NoSuchMethodError'{0x000000070d7e78f8}: 'java.lang.Object java.lang.invoke.DirectMethodHandle$Holder.invokeSpecial(java.lang.Object, java.lang.Object, java.lang.Object, java.lang.Object, java.lang.Object, java.lang.Object, java.lang.Object, java.lang.Object, java.lang.Object, java.lang.Object, java.lang.Object, java.lang.Object, java.lang.Object, java.lang.Object, java.lang.Object, java.lang.Object, java.lang.Object, java.lang.Object, java.lang.Object, java.lang.Object, java.lang.Ob
Event: 29.736 Thread 0x0000017afb9a58c0 Exception <a 'java/lang/NoSuchMethodError'{0x000000070d7ede08}: 'java.lang.Object java.lang.invoke.DelegatingMethodHandle$Holder.reinvoke_L(java.lang.Object, java.lang.Object, java.lang.Object, java.lang.Object, java.lang.Object, java.lang.Object, java.lang.Object, java.lang.Object, java.lang.Object, java.lang.Object, java.lang.Object, java.lang.Object, java.lang.Object, java.lang.Object, java.lang.Object, java.lang.Object, java.lang.Object, java.lang.Object, java.lang.Object, java.lang.Object)'> (0x000000
Event: 32.248 Thread 0x0000017afb9a58c0 Exception <a 'java/lang/NoSuchMethodError'{0x000000070bb7e4a0}: 'java.lang.Object java.lang.invoke.DirectMethodHandle$Holder.invokeStatic(java.lang.Object, int, java.lang.Object, java.lang.Object)'> (0x000000070bb7e4a0) 
thrown [s\src\hotspot\share\interpreter\linkResolver.cpp, line 773]
Event: 32.795 Thread 0x0000017afb9a58c0 Exception <a 'java/lang/NoSuchMethodError'{0x000000070ddbf658}: 'java.lang.Object java.lang.invoke.DirectMethodHandle$Holder.newInvokeSpecial(java.lang.Object, java.lang.Object, java.lang.Object, int, int, java.lang.Object, java.lang.Object)'> (0x000000070ddbf658) 
thrown [s\src\hotspot\share\interpreter\linkResolver.cpp, line 773]

ZGC Phase Switch (0 events):
No events

VM Operations (20 events):
Event: 32.497 Executing VM operation: HandshakeAllThreads (Deoptimize) done
Event: 32.567 Executing VM operation: G1CollectForAllocation (G1 Evacuation Pause)
Event: 32.576 Executing VM operation: G1CollectForAllocation (G1 Evacuation Pause) done
Event: 32.902 Executing VM operation: HandshakeAllThreads (Deoptimize)
Event: 32.902 Executing VM operation: HandshakeAllThreads (Deoptimize) done
Event: 32.921 Executing VM operation: HandshakeAllThreads (Deoptimize)
Event: 32.921 Executing VM operation: HandshakeAllThreads (Deoptimize) done
Event: 33.056 Executing VM operation: HandshakeAllThreads (Deoptimize)
Event: 33.056 Executing VM operation: HandshakeAllThreads (Deoptimize) done
Event: 33.166 Executing VM operation: HandshakeAllThreads (Deoptimize)
Event: 33.166 Executing VM operation: HandshakeAllThreads (Deoptimize) done
Event: 33.167 Executing VM operation: HandshakeAllThreads (Deoptimize)
Event: 33.168 Executing VM operation: HandshakeAllThreads (Deoptimize) done
Event: 33.274 Executing VM operation: ICBufferFull
Event: 33.274 Executing VM operation: ICBufferFull done
Event: 33.566 Executing VM operation: HandshakeAllThreads (Deoptimize)
Event: 33.566 Executing VM operation: HandshakeAllThreads (Deoptimize) done
Event: 33.583 Executing VM operation: G1CollectForAllocation (G1 Evacuation Pause)
Event: 33.591 Executing VM operation: G1CollectForAllocation (G1 Evacuation Pause) done
Event: 33.660 Executing VM operation: G1PauseRemark

Memory protections (0 events):
No events

Nmethod flushes (20 events):
Event: 33.686 Thread 0x0000017ab48e9990 flushing  nmethod 0x0000017a9dc89590
Event: 33.686 Thread 0x0000017ab48e9990 flushing  nmethod 0x0000017a9ddbf690
Event: 33.686 Thread 0x0000017ab48e9990 flushing  nmethod 0x0000017aa4b02310
Event: 33.686 Thread 0x0000017ab48e9990 flushing  nmethod 0x0000017aa4b93890
Event: 33.686 Thread 0x0000017ab48e9990 flushing  nmethod 0x0000017aa4c16f10
Event: 33.686 Thread 0x0000017ab48e9990 flushing  nmethod 0x0000017aa4cb2a10
Event: 33.686 Thread 0x0000017ab48e9990 flushing  nmethod 0x0000017aa4e23f90
Event: 33.686 Thread 0x0000017ab48e9990 flushing osr nmethod 0x0000017aa4f8ae10
Event: 33.686 Thread 0x0000017ab48e9990 flushing  nmethod 0x0000017aa4f95410
Event: 33.686 Thread 0x0000017ab48e9990 flushing  nmethod 0x0000017a9d0def10
Event: 33.686 Thread 0x0000017ab48e9990 flushing  nmethod 0x0000017a9d125310
Event: 33.686 Thread 0x0000017ab48e9990 flushing  nmethod 0x0000017a9d292f90
Event: 33.686 Thread 0x0000017ab48e9990 flushing  nmethod 0x0000017a9d294710
Event: 33.686 Thread 0x0000017ab48e9990 flushing  nmethod 0x0000017a9d2df190
Event: 33.686 Thread 0x0000017ab48e9990 flushing  nmethod 0x0000017a9d585490
Event: 33.686 Thread 0x0000017ab48e9990 flushing  nmethod 0x0000017a9d5a1790
Event: 33.686 Thread 0x0000017ab48e9990 flushing  nmethod 0x0000017a9d6d5e10
Event: 33.686 Thread 0x0000017ab48e9990 flushing  nmethod 0x0000017a9d793a90
Event: 33.686 Thread 0x0000017ab48e9990 flushing  nmethod 0x0000017a9d8a2590
Event: 33.686 Thread 0x0000017ab48e9990 flushing  nmethod 0x0000017a9d8c7490

Events (20 events):
Event: 25.278 Thread 0x0000017afb9a58c0 Thread added: 0x0000017afa80aeb0
Event: 25.279 Thread 0x0000017afb9a58c0 Thread added: 0x0000017afa80cf80
Event: 25.279 Thread 0x0000017afb9a58c0 Thread added: 0x0000017afa80e9c0
Event: 25.280 Thread 0x0000017afb9a58c0 Thread added: 0x0000017afa80f050
Event: 25.281 Thread 0x0000017afb9a58c0 Thread added: 0x0000017afa80f6e0
Event: 25.282 Thread 0x0000017afb9a58c0 Thread added: 0x0000017a80e92f80
Event: 25.283 Thread 0x0000017afb9a58c0 Thread added: 0x0000017a80e928f0
Event: 25.283 Thread 0x0000017afb9a58c0 Thread added: 0x0000017a80e93610
Event: 25.887 Thread 0x0000017afb9a58c0 Thread added: 0x0000017a80e93ca0
Event: 25.896 Thread 0x0000017afb9a58c0 Thread added: 0x0000017a80e95050
Event: 26.640 Thread 0x0000017aff631b30 Thread exited: 0x0000017aff631b30
Event: 26.817 Thread 0x0000017aff630d90 Thread exited: 0x0000017aff630d90
Event: 27.726 Thread 0x0000017ab491e8b0 Thread added: 0x0000017aff630d90
Event: 27.789 Thread 0x0000017aff630d90 Thread added: 0x0000017aff634410
Event: 28.566 Thread 0x0000017aff634410 Thread exited: 0x0000017aff634410
Event: 28.568 Thread 0x0000017aff630d90 Thread exited: 0x0000017aff630d90
Event: 28.885 Thread 0x0000017ab491e8b0 Thread added: 0x0000017aff631460
Event: 29.171 Thread 0x0000017aff631460 Thread exited: 0x0000017aff631460
Event: 29.595 Thread 0x0000017ab491e8b0 Thread added: 0x0000017aff634410
Event: 32.981 Thread 0x0000017aff634410 Thread exited: 0x0000017aff634410


Dynamic libraries:
0x00007ff723f40000 - 0x00007ff723f4e000 	C:\Users\rodri\OneDrive\Desktop\OpenJDK21U-jdk_x64_windows_hotspot_21.0.6_7\jdk-21.0.6+7\bin\java.exe
0x00007ffbdb640000 - 0x00007ffbdb8a5000 	C:\WINDOWS\SYSTEM32\ntdll.dll
0x00007ffbd9c10000 - 0x00007ffbd9cd9000 	C:\WINDOWS\System32\KERNEL32.DLL
0x00007ffbd8d40000 - 0x00007ffbd9128000 	C:\WINDOWS\System32\KERNELBASE.dll
0x00007ffbd9290000 - 0x00007ffbd93db000 	C:\WINDOWS\System32\ucrtbase.dll
0x00007ffb9dd00000 - 0x00007ffb9dd1e000 	C:\Users\rodri\OneDrive\Desktop\OpenJDK21U-jdk_x64_windows_hotspot_21.0.6_7\jdk-21.0.6+7\bin\VCRUNTIME140.dll
0x00007ffb81570000 - 0x00007ffb81588000 	C:\Users\rodri\OneDrive\Desktop\OpenJDK21U-jdk_x64_windows_hotspot_21.0.6_7\jdk-21.0.6+7\bin\jli.dll
0x00007ffbd9d90000 - 0x00007ffbd9f5a000 	C:\WINDOWS\System32\USER32.dll
0x00007ffbd88d0000 - 0x00007ffbd88f7000 	C:\WINDOWS\System32\win32u.dll
0x00007ffbdb2a0000 - 0x00007ffbdb2cb000 	C:\WINDOWS\System32\GDI32.dll
0x00007ffbba310000 - 0x00007ffbba5aa000 	C:\WINDOWS\WinSxS\amd64_microsoft.windows.common-controls_6595b64144ccf1df_6.0.26100.4202_none_3e0698d4e335f517\COMCTL32.dll
0x00007ffbd8790000 - 0x00007ffbd88c7000 	C:\WINDOWS\System32\gdi32full.dll
0x00007ffbd8900000 - 0x00007ffbd89a3000 	C:\WINDOWS\System32\msvcp_win.dll
0x00007ffbda970000 - 0x00007ffbdaa19000 	C:\WINDOWS\System32\msvcrt.dll
0x00007ffbdaa20000 - 0x00007ffbdaa50000 	C:\WINDOWS\System32\IMM32.DLL
0x00007ffbba230000 - 0x00007ffbba23c000 	C:\Users\rodri\OneDrive\Desktop\OpenJDK21U-jdk_x64_windows_hotspot_21.0.6_7\jdk-21.0.6+7\bin\vcruntime140_1.dll
0x00007ffb6bcd0000 - 0x00007ffb6bd5d000 	C:\Users\rodri\OneDrive\Desktop\OpenJDK21U-jdk_x64_windows_hotspot_21.0.6_7\jdk-21.0.6+7\bin\msvcp140.dll
0x00007ffb4d5e0000 - 0x00007ffb4e370000 	C:\Users\rodri\OneDrive\Desktop\OpenJDK21U-jdk_x64_windows_hotspot_21.0.6_7\jdk-21.0.6+7\bin\server\jvm.dll
0x00007ffbda860000 - 0x00007ffbda913000 	C:\WINDOWS\System32\ADVAPI32.dll
0x00007ffbda340000 - 0x00007ffbda3e6000 	C:\WINDOWS\System32\sechost.dll
0x00007ffbdb2d0000 - 0x00007ffbdb3e5000 	C:\WINDOWS\System32\RPCRT4.dll
0x00007ffbd9f60000 - 0x00007ffbd9fd4000 	C:\WINDOWS\System32\WS2_32.dll
0x00007ffbd7390000 - 0x00007ffbd73ee000 	C:\WINDOWS\SYSTEM32\POWRPROF.dll
0x00007ffbcc3b0000 - 0x00007ffbcc3e5000 	C:\WINDOWS\SYSTEM32\WINMM.dll
0x00007ffbce400000 - 0x00007ffbce40b000 	C:\WINDOWS\SYSTEM32\VERSION.dll
0x00007ffbd7370000 - 0x00007ffbd7384000 	C:\WINDOWS\SYSTEM32\UMPDC.dll
0x00007ffbd7670000 - 0x00007ffbd768b000 	C:\WINDOWS\SYSTEM32\kernel.appcore.dll
0x00007ffbb45e0000 - 0x00007ffbb45ea000 	C:\Users\rodri\OneDrive\Desktop\OpenJDK21U-jdk_x64_windows_hotspot_21.0.6_7\jdk-21.0.6+7\bin\jimage.dll
0x00007ffbd5e50000 - 0x00007ffbd6091000 	C:\WINDOWS\SYSTEM32\DBGHELP.DLL
0x00007ffbd93e0000 - 0x00007ffbd9765000 	C:\WINDOWS\System32\combase.dll
0x00007ffbda4b0000 - 0x00007ffbda591000 	C:\WINDOWS\System32\OLEAUT32.dll
0x00007ffb97530000 - 0x00007ffb97569000 	C:\WINDOWS\SYSTEM32\dbgcore.DLL
0x00007ffbd9130000 - 0x00007ffbd91c9000 	C:\WINDOWS\System32\bcryptPrimitives.dll
0x00007ffb96570000 - 0x00007ffb9657f000 	C:\Users\rodri\OneDrive\Desktop\OpenJDK21U-jdk_x64_windows_hotspot_21.0.6_7\jdk-21.0.6+7\bin\instrument.dll
0x00007ffb9ae10000 - 0x00007ffb9ae2f000 	C:\Users\rodri\OneDrive\Desktop\OpenJDK21U-jdk_x64_windows_hotspot_21.0.6_7\jdk-21.0.6+7\bin\java.dll
0x00007ffbdaad0000 - 0x00007ffbdb212000 	C:\WINDOWS\System32\SHELL32.dll
0x00007ffbd8a40000 - 0x00007ffbd8bb4000 	C:\WINDOWS\System32\wintypes.dll
0x00007ffbd6400000 - 0x00007ffbd6c57000 	C:\WINDOWS\SYSTEM32\windows.storage.dll
0x00007ffbd9fe0000 - 0x00007ffbda0d1000 	C:\WINDOWS\System32\SHCORE.dll
0x00007ffbdaa60000 - 0x00007ffbdaaca000 	C:\WINDOWS\System32\shlwapi.dll
0x00007ffbd86a0000 - 0x00007ffbd86cf000 	C:\WINDOWS\SYSTEM32\profapi.dll
0x00007ffb6ecf0000 - 0x00007ffb6edc7000 	C:\Users\rodri\OneDrive\Desktop\OpenJDK21U-jdk_x64_windows_hotspot_21.0.6_7\jdk-21.0.6+7\bin\jsvml.dll
0x00007ffb8de00000 - 0x00007ffb8de18000 	C:\Users\rodri\OneDrive\Desktop\OpenJDK21U-jdk_x64_windows_hotspot_21.0.6_7\jdk-21.0.6+7\bin\zip.dll
0x00007ffbb34d0000 - 0x00007ffbb34e0000 	C:\Users\rodri\OneDrive\Desktop\OpenJDK21U-jdk_x64_windows_hotspot_21.0.6_7\jdk-21.0.6+7\bin\net.dll
0x00007ffbceae0000 - 0x00007ffbcebfe000 	C:\WINDOWS\SYSTEM32\WINHTTP.dll
0x00007ffbd7be0000 - 0x00007ffbd7c4a000 	C:\WINDOWS\system32\mswsock.dll
0x00007ffb98f50000 - 0x00007ffb98f66000 	C:\Users\rodri\OneDrive\Desktop\OpenJDK21U-jdk_x64_windows_hotspot_21.0.6_7\jdk-21.0.6+7\bin\nio.dll
0x00007ffba4710000 - 0x00007ffba4720000 	C:\Users\rodri\OneDrive\Desktop\OpenJDK21U-jdk_x64_windows_hotspot_21.0.6_7\jdk-21.0.6+7\bin\verify.dll
0x00007ffb81c30000 - 0x00007ffb81c57000 	C:\Users\rodri\.gradle\native\c067742578af261105cb4f569cf0c3c89f3d7b1fecec35dd04571415982c5e48\windows-amd64\native-platform.dll
0x00007ffb5b280000 - 0x00007ffb5b3c4000 	C:\Users\rodri\.gradle\native\100fb08df4bc3b14c8652ba06237920a3bd2aa13389f12d3474272988ae205f9\windows-amd64\native-platform-file-events.dll
0x00007ffb97b50000 - 0x00007ffb97b5a000 	C:\Users\rodri\OneDrive\Desktop\OpenJDK21U-jdk_x64_windows_hotspot_21.0.6_7\jdk-21.0.6+7\bin\management.dll
0x00007ffb970f0000 - 0x00007ffb970fb000 	C:\Users\rodri\OneDrive\Desktop\OpenJDK21U-jdk_x64_windows_hotspot_21.0.6_7\jdk-21.0.6+7\bin\management_ext.dll
0x00007ffbda850000 - 0x00007ffbda858000 	C:\WINDOWS\System32\PSAPI.DLL
0x00007ffbd7ea0000 - 0x00007ffbd7ebb000 	C:\WINDOWS\SYSTEM32\CRYPTSP.dll
0x00007ffbd75d0000 - 0x00007ffbd760a000 	C:\WINDOWS\system32\rsaenh.dll
0x00007ffbd7c80000 - 0x00007ffbd7cab000 	C:\WINDOWS\SYSTEM32\USERENV.dll
0x00007ffbd8670000 - 0x00007ffbd8696000 	C:\WINDOWS\SYSTEM32\bcrypt.dll
0x00007ffbd7e90000 - 0x00007ffbd7e9c000 	C:\WINDOWS\SYSTEM32\CRYPTBASE.dll
0x00007ffbd7010000 - 0x00007ffbd7043000 	C:\WINDOWS\SYSTEM32\IPHLPAPI.DLL
0x00007ffbd9c00000 - 0x00007ffbd9c0a000 	C:\WINDOWS\System32\NSI.dll
0x00007ffba4410000 - 0x00007ffba4419000 	C:\Users\rodri\OneDrive\Desktop\OpenJDK21U-jdk_x64_windows_hotspot_21.0.6_7\jdk-21.0.6+7\bin\extnet.dll
0x00007ffb96440000 - 0x00007ffb9644e000 	C:\Users\rodri\OneDrive\Desktop\OpenJDK21U-jdk_x64_windows_hotspot_21.0.6_7\jdk-21.0.6+7\bin\sunmscapi.dll
0x00007ffbd8bc0000 - 0x00007ffbd8d37000 	C:\WINDOWS\System32\CRYPT32.dll
0x00007ffbd80b0000 - 0x00007ffbd80e0000 	C:\WINDOWS\SYSTEM32\ncrypt.dll
0x00007ffbd8060000 - 0x00007ffbd809f000 	C:\WINDOWS\SYSTEM32\NTASN1.dll
0x00007ffba57a0000 - 0x00007ffba57a8000 	C:\WINDOWS\system32\wshunix.dll
0x00007ffba5010000 - 0x00007ffba5028000 	C:\WINDOWS\system32\napinsp.dll
0x00007ffbd70b0000 - 0x00007ffbd71d7000 	C:\WINDOWS\SYSTEM32\DNSAPI.dll
0x00007ffba2100000 - 0x00007ffba2112000 	C:\WINDOWS\System32\winrnr.dll
0x00007ffba20c0000 - 0x00007ffba20f0000 	C:\WINDOWS\system32\nlansp_c.dll
0x00007ffba2090000 - 0x00007ffba20b0000 	C:\WINDOWS\system32\wshbth.dll
0x00007ffbc1810000 - 0x00007ffbc181b000 	C:\Windows\System32\rasadhlp.dll
0x00007ffbce430000 - 0x00007ffbce4b6000 	C:\WINDOWS\System32\fwpuclnt.dll

dbghelp: loaded successfully - version: 4.0.5 - missing functions: none
symbol engine: initialized successfully - sym options: 0x614 - pdb path: .;C:\Users\rodri\OneDrive\Desktop\OpenJDK21U-jdk_x64_windows_hotspot_21.0.6_7\jdk-21.0.6+7\bin;C:\WINDOWS\SYSTEM32;C:\WINDOWS\WinSxS\amd64_microsoft.windows.common-controls_6595b64144ccf1df_6.0.26100.4202_none_3e0698d4e335f517;C:\Users\rodri\OneDrive\Desktop\OpenJDK21U-jdk_x64_windows_hotspot_21.0.6_7\jdk-21.0.6+7\bin\server;C:\Users\rodri\.gradle\native\c067742578af261105cb4f569cf0c3c89f3d7b1fecec35dd04571415982c5e48\windows-amd64;C:\Users\rodri\.gradle\native\100fb08df4bc3b14c8652ba06237920a3bd2aa13389f12d3474272988ae205f9\windows-amd64

VM Arguments:
jvm_args: --add-opens=java.base/java.util=ALL-UNNAMED --add-opens=java.base/java.lang=ALL-UNNAMED --add-opens=java.base/java.lang.invoke=ALL-UNNAMED --add-opens=java.prefs/java.util.prefs=ALL-UNNAMED --add-exports=jdk.compiler/com.sun.tools.javac.api=ALL-UNNAMED --add-exports=jdk.compiler/com.sun.tools.javac.util=ALL-UNNAMED --add-opens=java.base/java.nio.charset=ALL-UNNAMED --add-opens=java.base/java.net=ALL-UNNAMED --add-opens=java.base/java.util.concurrent.atomic=ALL-UNNAMED -Xmx4g -Dfile.encoding=utf8 -Duser.country=BR -Duser.language=pt -Duser.variant -javaagent:C:\Users\rodri\.gradle\wrapper\dists\gradle-8.10.2-all\7iv73wktx1xtkvlq19urqw1wm\gradle-8.10.2\lib\agents\gradle-instrumentation-agent-8.10.2.jar 
java_command: org.gradle.launcher.daemon.bootstrap.GradleDaemon 8.10.2
java_class_path (initial): C:\Users\rodri\.gradle\wrapper\dists\gradle-8.10.2-all\7iv73wktx1xtkvlq19urqw1wm\gradle-8.10.2\lib\gradle-daemon-main-8.10.2.jar
Launcher Type: SUN_STANDARD

[Global flags]
     intx CICompilerCount                          = 4                                         {product} {ergonomic}
     uint ConcGCThreads                            = 3                                         {product} {ergonomic}
     uint G1ConcRefinementThreads                  = 10                                        {product} {ergonomic}
   size_t G1HeapRegionSize                         = 2097152                                   {product} {ergonomic}
    uintx GCDrainStackTargetSize                   = 64                                        {product} {ergonomic}
   size_t InitialHeapSize                          = 130023424                                 {product} {ergonomic}
   size_t MarkStackSize                            = 4194304                                   {product} {ergonomic}
   size_t MaxHeapSize                              = 4294967296                                {product} {command line}
   size_t MaxNewSize                               = 2575302656                                {product} {ergonomic}
   size_t MinHeapDeltaBytes                        = 2097152                                   {product} {ergonomic}
   size_t MinHeapSize                              = 8388608                                   {product} {ergonomic}
    uintx NonNMethodCodeHeapSize                   = 5839372                                {pd product} {ergonomic}
    uintx NonProfiledCodeHeapSize                  = 122909434                              {pd product} {ergonomic}
    uintx ProfiledCodeHeapSize                     = 122909434                              {pd product} {ergonomic}
    uintx ReservedCodeCacheSize                    = 251658240                              {pd product} {ergonomic}
     bool SegmentedCodeCache                       = true                                      {product} {ergonomic}
   size_t SoftMaxHeapSize                          = 4294967296                             {manageable} {ergonomic}
     bool UseCompressedOops                        = true                           {product lp64_product} {ergonomic}
     bool UseG1GC                                  = true                                      {product} {ergonomic}
     bool UseLargePagesIndividualAllocation        = false                                  {pd product} {ergonomic}

Logging:
Log output configuration:
 #0: stdout all=warning uptime,level,tags foldmultilines=false
 #1: stderr all=off uptime,level,tags foldmultilines=false

Environment Variables:
JAVA_HOME=C:\Users\rodri\OneDrive\Desktop\OpenJDK21U-jdk_x64_windows_hotspot_21.0.6_7\jdk-21.0.6+7
PATH=C:\Users\rodri\OneDrive\Desktop\OpenJDK21U-jdk_x64_windows_hotspot_21.0.6_7\jdk-21.0.6+7\bin;C:\Windows\system32;C:\Windows;C:\Windows\System32\Wbem;C:\Windows\System32\WindowsPowerShell\v1.0\;C:\Windows\System32\OpenSSH\;C:\Program Files (x86)\NVIDIA Corporation\PhysX\Common;C:\Program Files\NVIDIA Corporation\NVIDIA NvDLISR;C:\WINDOWS\system32;C:\WINDOWS;C:\WINDOWS\System32\Wbem;C:\WINDOWS\System32\WindowsPowerShell\v1.0\;C:\WINDOWS\System32\OpenSSH\;C:\Program Files\Git\cmd;C:\src\flutter\bin;C:\src\apache-maven-3.9.9-bin\apache-maven-3.9.9\bin;C:\Program Files\dotnet\;C:\Program Files\heroku\bin;C:\Users\rodri\OneDrive\Desktop\OpenJDK21U-jdk_x64_windows_hotspot_21.0.6_7\jdk-21.0.6+7\bin;C:\Windows\system32;C:\Windows;C:\Windows\System32\Wbem;C:\Windows\System32\WindowsPowerShell\v1.0\;C:\Windows\System32\OpenSSH\;C:\Program Files (x86)\NVIDIA Corporation\PhysX\Common;C:\Program Files\NVIDIA Corporation\NVIDIA NvDLISR;C:\WINDOWS\system32;C:\WINDOWS;C:\WINDOWS\System32\Wbem;C:\WINDOWS\System32\WindowsPowerShell\v1.0\;C:\WINDOWS\System32\OpenSSH\;C:\Program Files\Git\cmd;C:\src\flutter\bin;C:\src\apache-maven-3.9.9-bin\apache-maven-3.9.9\bin;C:\Program Files\dotnet\;C:\Users\rodri\AppData\Local\Microsoft\WindowsApps;C:\Users\rodri\AppData\Local\Programs\Microsoft VS Code\bin;C:\src\flutter\bin;C:\Users\rodri\AppData\Local\GitHubDesktop\bin;C:\Program Files\heroku\bin;C:\Users\rodri\.dotnet\tools
USERNAME=rodri
OS=Windows_NT
PROCESSOR_IDENTIFIER=Intel64 Family 6 Model 186 Stepping 2, GenuineIntel
TMP=C:\Users\rodri\AppData\Local\Temp
TEMP=C:\Users\rodri\AppData\Local\Temp




Periodic native trim disabled

---------------  S Y S T E M  ---------------

OS:
 Windows 11 , 64 bit Build 26100 (10.0.26100.4202)
OS uptime: 3 days 5:25 hours
Hyper-V role detected

CPU: total 12 (initial active 12) (6 cores per cpu, 2 threads per core) family 6 model 186 stepping 2 microcode 0x5103, cx8, cmov, fxsr, ht, mmx, 3dnowpref, sse, sse2, sse3, ssse3, sse4.1, sse4.2, popcnt, lzcnt, tsc, tscinvbit, avx, avx2, aes, erms, clmul, bmi1, bmi2, adx, sha, fma, vzeroupper, clflush, clflushopt, clwb, hv, serialize, rdtscp, rdpid, fsrm, f16c, cet_ibt, cet_ss
Processor Information for processor 0
  Max Mhz: 2100, Current Mhz: 2100, Mhz Limit: 2100
Processor Information for processor 1
  Max Mhz: 2100, Current Mhz: 2100, Mhz Limit: 2100
Processor Information for processor 2
  Max Mhz: 2100, Current Mhz: 2100, Mhz Limit: 2100
Processor Information for processor 3
  Max Mhz: 2100, Current Mhz: 2100, Mhz Limit: 2100
Processor Information for processor 4
  Max Mhz: 2100, Current Mhz: 2100, Mhz Limit: 2100
Processor Information for processor 5
  Max Mhz: 2100, Current Mhz: 2100, Mhz Limit: 2100
Processor Information for processor 6
  Max Mhz: 2100, Current Mhz: 2100, Mhz Limit: 2100
Processor Information for processor 7
  Max Mhz: 2100, Current Mhz: 2100, Mhz Limit: 2100
Processor Information for processor 8
  Max Mhz: 2100, Current Mhz: 2100, Mhz Limit: 2100
Processor Information for processor 9
  Max Mhz: 2100, Current Mhz: 1540, Mhz Limit: 2100
Processor Information for processor 10
  Max Mhz: 2100, Current Mhz: 2100, Mhz Limit: 2100
Processor Information for processor 11
  Max Mhz: 2100, Current Mhz: 2100, Mhz Limit: 2100

Memory: 4k page, system-wide physical 7895M (582M free)
TotalPageFile size 32471M (AvailPageFile size 31M)
current process WorkingSet (physical memory assigned to process): 485M, peak: 517M
current process commit charge ("private bytes"): 623M, peak: 655M

vm_info: OpenJDK 64-Bit Server VM (21.0.6+7-LTS) for windows-amd64 JRE (21.0.6+7-LTS), built on 2025-01-21T00:00:00Z by "admin" with MS VC++ 17.7 (VS2022)

END.
